#
# A fatal error has been detected by the Java Runtime Environment:
#
#  EXCEPTION_ACCESS_VIOLATION (0xc0000005) at pc=0x00007ffbd5a06639, pid=6736, tid=9128
#
# JRE version: OpenJDK Runtime Environment (11.0.2+9) (build 11.0.2+9)
# Java VM: OpenJDK 64-Bit Server VM (11.0.2+9, mixed mode, tiered, compressed oops, g1 gc, windows-amd64)
# Problematic frame:
# V  [jvm.dll+0x6c6639]
#
# No core dump will be written. Minidumps are not enabled by default on client versions of Windows
#
# If you would like to submit a bug report, please visit:
#   http://bugreport.java.com/bugreport/crash.jsp
#

---------------  S U M M A R Y ------------

Command Line: -Dcom.sun.management.jmxremote -Dcom.sun.management.jmxremote.port=50876 -Dcom.sun.management.jmxremote.authenticate=false -Dcom.sun.management.jmxremote.ssl=false -Djava.rmi.server.hostname=localhost -Dspring.application.admin.enabled=true -Xverify:none -XX:TieredStopAtLevel=1 -Dfile.encoding=UTF-8 com.SpringBoot.SpringBoot.Application --spring.output.ansi.enabled=always

Host: 12th Gen Intel(R) Core(TM) i5-1235U, 12 cores, 15G,  Windows 10 , 64 bit Build 22621 (10.0.22621.4391)
Time: Tue Feb  4 09:11:23 2025 대한민국 표준시 elapsed time: 0 seconds (0d 0h 0m 0s)

---------------  T H R E A D  ---------------

Current thread (0x0000021dba9d6000):  WatcherThread [stack: 0x000000dbc9c00000,0x000000dbc9d00000] [id=9128]

Stack: [0x000000dbc9c00000,0x000000dbc9d00000],  sp=0x000000dbc9cff270,  free space=1020k
Native frames: (J=compiled Java code, j=interpreted, Vv=VM code, C=native code)
V  [jvm.dll+0x6c6639]
V  [jvm.dll+0x711f7d]
V  [jvm.dll+0x737939]
V  [jvm.dll+0x633942]
C  [ucrtbase.dll+0x29333]
C  [KERNEL32.DLL+0x1259d]
C  [ntdll.dll+0x5af38]


siginfo: EXCEPTION_ACCESS_VIOLATION (0xc0000005), reading address 0x0000000400000003


Register to memory mapping:

RIP=0x00007ffbd5a06639 jvm.dll
RAX=0x0000021db9cb5410 points into unknown readable memory: 03 00 00 00 04 00 00 00
RBX=0x0 is NULL
RCX=0x0000000400000003 is an unknown value
RDX=0x000000000000003f is an unknown value
RSP=0x000000dbc9cff270 points into unknown readable memory: 00 60 9d ba 1d 02 00 00
RBP=0x0000000000000002 is an unknown value
RSI=0x0000021db9cb53f0 points into unknown readable memory: e0 35 9c ba 1d 02 00 00
RDI=0x0 is NULL
R8 =0x0 is NULL
R9 =0x0000021d9d8b0b80 is at begin+0 in a stub
StubRoutines::atomic_cmpxchg_long [0x0000021d9d8b0b80, 0x0000021d9d8b0b89[ (9 bytes)
R10=0x00000000546c6148 is an unknown value
R11=0xfffffffffc110387 is an unknown value
R12=0x0 is NULL
R13=0x0000021dba9d6000 points into unknown readable memory: c8 67 c1 d5 fb 7f 00 00
R14=0x000000000000003f is an unknown value
R15=0x0000021db9cf1480 points into unknown readable memory: 00 00 00 00 00 00 00 00


Registers:
RAX=0x0000021db9cb5410, RBX=0x0000000000000000, RCX=0x0000000400000003, RDX=0x000000000000003f
RSP=0x000000dbc9cff270, RBP=0x0000000000000002, RSI=0x0000021db9cb53f0, RDI=0x0000000000000000
R8 =0x0000000000000000, R9 =0x0000021d9d8b0b80, R10=0x00000000546c6148, R11=0xfffffffffc110387
R12=0x0000000000000000, R13=0x0000021dba9d6000, R14=0x000000000000003f, R15=0x0000021db9cf1480
RIP=0x00007ffbd5a06639, EFLAGS=0x0000000000010202

Top of Stack: (sp=0x000000dbc9cff270)
0x000000dbc9cff270:   0000021dba9d6000 0000021dba9d6000
0x000000dbc9cff280:   00000297393dd8f8 00007ffbd59475a9
0x000000dbc9cff290:   00007ffbd5db14d8 00007ffbd5a51f7d
0x000000dbc9cff2a0:   0000000000000001 0000021d955b0c80
0x000000dbc9cff2b0:   0000021d955b0c80 431bde82d7b634db
0x000000dbc9cff2c0:   0000021db9cf1480 00000297393dd8f8
0x000000dbc9cff2d0:   0000021d955b0c80 00007ffbd5a77939
0x000000dbc9cff2e0:   0000000000000001 000000000000003f
0x000000dbc9cff2f0:   0000000000000032 0000000000000002
0x000000dbc9cff300:   0000000000000000 0000000000000000
0x000000dbc9cff310:   0000000000000000 0000000000000000
0x000000dbc9cff320:   0000000000000000 0000000000000000
0x000000dbc9cff330:   00001f800010001b 0000000000000033
0x000000dbc9cff340:   0000000000000000 0000000000000000
0x000000dbc9cff350:   0000000000000000 000000dbc9cff710
0x000000dbc9cff360:   0000021dba9d6000 00007ffbd5973942 

Instructions: (pc=0x00007ffbd5a06639)
0x00007ffbd5a06619:   20 48 8b 35 87 5d 3a 00 33 db 48 8b 06 39 18 7e
0x00007ffbd5a06629:   27 48 89 7c 24 30 8b fb 48 8b 40 18 48 8b 0c 07
0x00007ffbd5a06639:   48 8b 01 ff 50 08 48 8b 06 48 8d 7f 08 ff c3 3b
0x00007ffbd5a06649:   18 7c e5 48 8b 7c 24 30 48 8b 5c 24 38 48 83 c4 


Stack slot to memory mapping:
stack at sp + 0 slots: 0x0000021dba9d6000 points into unknown readable memory: c8 67 c1 d5 fb 7f 00 00
stack at sp + 1 slots: 0x0000021dba9d6000 points into unknown readable memory: c8 67 c1 d5 fb 7f 00 00
stack at sp + 2 slots: 0x00000297393dd8f8 is an unknown value
stack at sp + 3 slots: 0x00007ffbd59475a9 jvm.dll
stack at sp + 4 slots: 0x00007ffbd5db14d8 jvm.dll
stack at sp + 5 slots: 0x00007ffbd5a51f7d jvm.dll
stack at sp + 6 slots: 0x0000000000000001 is an unknown value
stack at sp + 7 slots: 0x0000021d955b0c80 points into unknown readable memory: 01 00 00 00 00 00 00 00


---------------  P R O C E S S  ---------------

Threads class SMR info:
_java_thread_list=0x0000021dbabc0410, length=16, elements={
0x0000021d955b1800, 0x0000021db912d000, 0x0000021db99de000, 0x0000021db9a44000,
0x0000021db9a45000, 0x0000021db9a47000, 0x0000021db9a4a000, 0x0000021db99b1000,
0x0000021db9ca6800, 0x0000021db9cc9800, 0x0000021dba95e800, 0x0000021dba93d800,
0x0000021dba93e000, 0x0000021dbaa10800, 0x0000021dbabb2800, 0x0000021dbabc7800
}

Java Threads: ( => current thread )
  0x0000021d955b1800 JavaThread "main" [_thread_in_native, id=9156, stack(0x000000dbc8400000,0x000000dbc8500000)]
  0x0000021db912d000 JavaThread "Reference Handler" daemon [_thread_blocked, id=208, stack(0x000000dbc8b00000,0x000000dbc8c00000)]
  0x0000021db99de000 JavaThread "Finalizer" daemon [_thread_blocked, id=7352, stack(0x000000dbc8c00000,0x000000dbc8d00000)]
  0x0000021db9a44000 JavaThread "Signal Dispatcher" daemon [_thread_blocked, id=8280, stack(0x000000dbc8d00000,0x000000dbc8e00000)]
  0x0000021db9a45000 JavaThread "Attach Listener" daemon [_thread_blocked, id=1896, stack(0x000000dbc8e00000,0x000000dbc8f00000)]
  0x0000021db9a47000 JavaThread "C1 CompilerThread0" daemon [_thread_blocked, id=12280, stack(0x000000dbc8f00000,0x000000dbc9000000)]
  0x0000021db9a4a000 JavaThread "Sweeper thread" daemon [_thread_blocked, id=9984, stack(0x000000dbc9000000,0x000000dbc9100000)]
  0x0000021db99b1000 JavaThread "Common-Cleaner" daemon [_thread_blocked, id=8040, stack(0x000000dbc9100000,0x000000dbc9200000)]
  0x0000021db9ca6800 JavaThread "Service Thread" daemon [_thread_blocked, id=5052, stack(0x000000dbc9200000,0x000000dbc9300000)]
  0x0000021db9cc9800 JavaThread "C1 CompilerThread1" daemon [_thread_blocked, id=2972, stack(0x000000dbc9300000,0x000000dbc9400000)]
  0x0000021dba95e800 JavaThread "RMI TCP Accept-0" daemon [_thread_in_native, id=15728, stack(0x000000dbc9900000,0x000000dbc9a00000)]
  0x0000021dba93d800 JavaThread "RMI TCP Accept-50876" daemon [_thread_in_native, id=2020, stack(0x000000dbc9a00000,0x000000dbc9b00000)]
  0x0000021dba93e000 JavaThread "RMI TCP Accept-0" daemon [_thread_in_native, id=10400, stack(0x000000dbc9b00000,0x000000dbc9c00000)]
  0x0000021dbaa10800 JavaThread "RMI TCP Connection(1)-127.0.0.1" daemon [_thread_in_native, id=8252, stack(0x000000dbc9d00000,0x000000dbc9e00000)]
  0x0000021dbabb2800 JavaThread "RMI Scheduler(0)" daemon [_thread_blocked, id=7056, stack(0x000000dbc9e00000,0x000000dbc9f00000)]
  0x0000021dbabc7800 JavaThread "JMX server connection timeout 19" daemon [_thread_blocked, id=10756, stack(0x000000dbc9f00000,0x000000dbca000000)]

Other Threads:
  0x0000021db9128000 VMThread "VM Thread" [stack: 0x000000dbc8a00000,0x000000dbc8b00000] [id=10556]
=>0x0000021dba9d6000 WatcherThread [stack: 0x000000dbc9c00000,0x000000dbc9d00000] [id=9128]
  0x0000021d955c9800 GCTaskThread "GC Thread#0" [stack: 0x000000dbc8500000,0x000000dbc8600000] [id=7720]
  0x0000021dba8dd800 GCTaskThread "GC Thread#1" [stack: 0x000000dbc9400000,0x000000dbc9500000] [id=14288]
  0x0000021dba8de800 GCTaskThread "GC Thread#2" [stack: 0x000000dbc9500000,0x000000dbc9600000] [id=11580]
  0x0000021dba8df000 GCTaskThread "GC Thread#3" [stack: 0x000000dbc9600000,0x000000dbc9700000] [id=11576]
  0x0000021dba8df800 GCTaskThread "GC Thread#4" [stack: 0x000000dbc9700000,0x000000dbc9800000] [id=5260]
  0x0000021dba8e4800 GCTaskThread "GC Thread#5" [stack: 0x000000dbc9800000,0x000000dbc9900000] [id=8796]
  0x0000021d95626000 ConcurrentGCThread "G1 Main Marker" [stack: 0x000000dbc8600000,0x000000dbc8700000] [id=8220]
  0x0000021d95627000 ConcurrentGCThread "G1 Conc#0" [stack: 0x000000dbc8700000,0x000000dbc8800000] [id=9124]
  0x0000021db9013800 ConcurrentGCThread "G1 Refine#0" [stack: 0x000000dbc8800000,0x000000dbc8900000] [id=12736]
  0x0000021db9014800 ConcurrentGCThread "G1 Young RemSet Sampling" [stack: 0x000000dbc8900000,0x000000dbc8a00000] [id=5868]

Threads with active compile tasks:

VM state:not at safepoint (normal execution)

VM Mutex/Monitor currently owned by a thread:  ([mutex/lock_event])
[0x0000021d955b0c80] PeriodicTask_lock - owner thread: 0x0000021dba9d6000

Heap address: 0x0000000704a00000, size: 4022 MB, Compressed Oops mode: Zero based, Oop shift amount: 3
Narrow klass base: 0x0000000800000000, Narrow klass shift: 0
Compressed class space size: 1073741824 Address: 0x0000000800000000

Heap:
 garbage-first heap   total 258048K, used 19470K [0x0000000704a00000, 0x0000000800000000)
  region size 1024K, 5 young (5120K), 2 survivors (2048K)
 Metaspace       used 14029K, capacity 14476K, committed 14848K, reserved 1062912K
  class space    used 1524K, capacity 1675K, committed 1792K, reserved 1048576K
Heap Regions: E=young(eden), S=young(survivor), O=old, HS=humongous(starts), HC=humongous(continues), CS=collection set, F=free, A=archive, TAMS=top-at-mark-start (previous, next)
|   0|0x0000000704a00000, 0x0000000704b00000, 0x0000000704b00000|100%|HS|  |TAMS 0x0000000704a00000, 0x0000000704a00000| Complete 
|   1|0x0000000704b00000, 0x0000000704c00000, 0x0000000704c00000|100%|HS|  |TAMS 0x0000000704b00000, 0x0000000704b00000| Complete 
|   2|0x0000000704c00000, 0x0000000704d00000, 0x0000000704d00000|100%|HS|  |TAMS 0x0000000704c00000, 0x0000000704c00000| Complete 
|   3|0x0000000704d00000, 0x0000000704e00000, 0x0000000704e00000|100%| O|  |TAMS 0x0000000704d00000, 0x0000000704d00000| Untracked 
|   4|0x0000000704e00000, 0x0000000704f00000, 0x0000000704f00000|100%| O|  |TAMS 0x0000000704e00000, 0x0000000704e00000| Untracked 
|   5|0x0000000704f00000, 0x0000000705000000, 0x0000000705000000|100%| O|  |TAMS 0x0000000704f00000, 0x0000000704f00000| Untracked 
|   6|0x0000000705000000, 0x0000000705100000, 0x0000000705100000|100%| O|  |TAMS 0x0000000705000000, 0x0000000705000000| Untracked 
|   7|0x0000000705100000, 0x0000000705200000, 0x0000000705200000|100%| O|  |TAMS 0x0000000705100000, 0x0000000705100000| Untracked 
|   8|0x0000000705200000, 0x0000000705300000, 0x0000000705300000|100%| O|  |TAMS 0x0000000705200000, 0x0000000705200000| Untracked 
|   9|0x0000000705300000, 0x0000000705400000, 0x0000000705400000|100%| O|  |TAMS 0x0000000705300000, 0x0000000705300000| Untracked 
|  10|0x0000000705400000, 0x0000000705500000, 0x0000000705500000|100%| O|  |TAMS 0x0000000705400000, 0x0000000705400000| Untracked 
|  11|0x0000000705500000, 0x0000000705600000, 0x0000000705600000|100%| O|  |TAMS 0x0000000705500000, 0x0000000705500000| Untracked 
|  12|0x0000000705600000, 0x0000000705700000, 0x0000000705700000|100%| O|  |TAMS 0x0000000705600000, 0x0000000705600000| Untracked 
|  13|0x0000000705700000, 0x0000000705800000, 0x0000000705800000|100%| O|  |TAMS 0x0000000705700000, 0x0000000705700000| Untracked 
|  14|0x0000000705800000, 0x0000000705900000, 0x0000000705900000|100%| O|  |TAMS 0x0000000705800000, 0x0000000705800000| Untracked 
|  15|0x0000000705900000, 0x0000000705949000, 0x0000000705a00000| 28%| O|  |TAMS 0x0000000705900000, 0x0000000705900000| Untracked 
|  16|0x0000000705a00000, 0x0000000705a00000, 0x0000000705b00000|  0%| F|  |TAMS 0x0000000705a00000, 0x0000000705a00000| Untracked 
|  17|0x0000000705b00000, 0x0000000705b00000, 0x0000000705c00000|  0%| F|  |TAMS 0x0000000705b00000, 0x0000000705b00000| Untracked 
|  18|0x0000000705c00000, 0x0000000705c00000, 0x0000000705d00000|  0%| F|  |TAMS 0x0000000705c00000, 0x0000000705c00000| Untracked 
|  19|0x0000000705d00000, 0x0000000705d00000, 0x0000000705e00000|  0%| F|  |TAMS 0x0000000705d00000, 0x0000000705d00000| Untracked 
|  20|0x0000000705e00000, 0x0000000705e00000, 0x0000000705f00000|  0%| F|  |TAMS 0x0000000705e00000, 0x0000000705e00000| Untracked 
|  21|0x0000000705f00000, 0x0000000705f00000, 0x0000000706000000|  0%| F|  |TAMS 0x0000000705f00000, 0x0000000705f00000| Untracked 
|  22|0x0000000706000000, 0x0000000706000000, 0x0000000706100000|  0%| F|  |TAMS 0x0000000706000000, 0x0000000706000000| Untracked 
|  23|0x0000000706100000, 0x0000000706100000, 0x0000000706200000|  0%| F|  |TAMS 0x0000000706100000, 0x0000000706100000| Untracked 
|  24|0x0000000706200000, 0x0000000706200000, 0x0000000706300000|  0%| F|  |TAMS 0x0000000706200000, 0x0000000706200000| Untracked 
|  25|0x0000000706300000, 0x0000000706300000, 0x0000000706400000|  0%| F|  |TAMS 0x0000000706300000, 0x0000000706300000| Untracked 
|  26|0x0000000706400000, 0x0000000706400000, 0x0000000706500000|  0%| F|  |TAMS 0x0000000706400000, 0x0000000706400000| Untracked 
|  27|0x0000000706500000, 0x0000000706500000, 0x0000000706600000|  0%| F|  |TAMS 0x0000000706500000, 0x0000000706500000| Untracked 
|  28|0x0000000706600000, 0x0000000706600000, 0x0000000706700000|  0%| F|  |TAMS 0x0000000706600000, 0x0000000706600000| Untracked 
|  29|0x0000000706700000, 0x0000000706700000, 0x0000000706800000|  0%| F|  |TAMS 0x0000000706700000, 0x0000000706700000| Untracked 
|  30|0x0000000706800000, 0x0000000706800000, 0x0000000706900000|  0%| F|  |TAMS 0x0000000706800000, 0x0000000706800000| Untracked 
|  31|0x0000000706900000, 0x0000000706900000, 0x0000000706a00000|  0%| F|  |TAMS 0x0000000706900000, 0x0000000706900000| Untracked 
|  32|0x0000000706a00000, 0x0000000706a00000, 0x0000000706b00000|  0%| F|  |TAMS 0x0000000706a00000, 0x0000000706a00000| Untracked 
|  33|0x0000000706b00000, 0x0000000706b00000, 0x0000000706c00000|  0%| F|  |TAMS 0x0000000706b00000, 0x0000000706b00000| Untracked 
|  34|0x0000000706c00000, 0x0000000706c00000, 0x0000000706d00000|  0%| F|  |TAMS 0x0000000706c00000, 0x0000000706c00000| Untracked 
|  35|0x0000000706d00000, 0x0000000706d00000, 0x0000000706e00000|  0%| F|  |TAMS 0x0000000706d00000, 0x0000000706d00000| Untracked 
|  36|0x0000000706e00000, 0x0000000706e00000, 0x0000000706f00000|  0%| F|  |TAMS 0x0000000706e00000, 0x0000000706e00000| Untracked 
|  37|0x0000000706f00000, 0x0000000706f00000, 0x0000000707000000|  0%| F|  |TAMS 0x0000000706f00000, 0x0000000706f00000| Untracked 
|  38|0x0000000707000000, 0x0000000707000000, 0x0000000707100000|  0%| F|  |TAMS 0x0000000707000000, 0x0000000707000000| Untracked 
|  39|0x0000000707100000, 0x0000000707100000, 0x0000000707200000|  0%| F|  |TAMS 0x0000000707100000, 0x0000000707100000| Untracked 
|  40|0x0000000707200000, 0x0000000707200000, 0x0000000707300000|  0%| F|  |TAMS 0x0000000707200000, 0x0000000707200000| Untracked 
|  41|0x0000000707300000, 0x0000000707300000, 0x0000000707400000|  0%| F|  |TAMS 0x0000000707300000, 0x0000000707300000| Untracked 
|  42|0x0000000707400000, 0x0000000707400000, 0x0000000707500000|  0%| F|  |TAMS 0x0000000707400000, 0x0000000707400000| Untracked 
|  43|0x0000000707500000, 0x0000000707500000, 0x0000000707600000|  0%| F|  |TAMS 0x0000000707500000, 0x0000000707500000| Untracked 
|  44|0x0000000707600000, 0x0000000707600000, 0x0000000707700000|  0%| F|  |TAMS 0x0000000707600000, 0x0000000707600000| Untracked 
|  45|0x0000000707700000, 0x0000000707700000, 0x0000000707800000|  0%| F|  |TAMS 0x0000000707700000, 0x0000000707700000| Untracked 
|  46|0x0000000707800000, 0x0000000707800000, 0x0000000707900000|  0%| F|  |TAMS 0x0000000707800000, 0x0000000707800000| Untracked 
|  47|0x0000000707900000, 0x0000000707900000, 0x0000000707a00000|  0%| F|  |TAMS 0x0000000707900000, 0x0000000707900000| Untracked 
|  48|0x0000000707a00000, 0x0000000707a00000, 0x0000000707b00000|  0%| F|  |TAMS 0x0000000707a00000, 0x0000000707a00000| Untracked 
|  49|0x0000000707b00000, 0x0000000707b00000, 0x0000000707c00000|  0%| F|  |TAMS 0x0000000707b00000, 0x0000000707b00000| Untracked 
|  50|0x0000000707c00000, 0x0000000707c00000, 0x0000000707d00000|  0%| F|  |TAMS 0x0000000707c00000, 0x0000000707c00000| Untracked 
|  51|0x0000000707d00000, 0x0000000707d00000, 0x0000000707e00000|  0%| F|  |TAMS 0x0000000707d00000, 0x0000000707d00000| Untracked 
|  52|0x0000000707e00000, 0x0000000707e00000, 0x0000000707f00000|  0%| F|  |TAMS 0x0000000707e00000, 0x0000000707e00000| Untracked 
|  53|0x0000000707f00000, 0x0000000707f00000, 0x0000000708000000|  0%| F|  |TAMS 0x0000000707f00000, 0x0000000707f00000| Untracked 
|  54|0x0000000708000000, 0x0000000708000000, 0x0000000708100000|  0%| F|  |TAMS 0x0000000708000000, 0x0000000708000000| Untracked 
|  55|0x0000000708100000, 0x0000000708100000, 0x0000000708200000|  0%| F|  |TAMS 0x0000000708100000, 0x0000000708100000| Untracked 
|  56|0x0000000708200000, 0x0000000708200000, 0x0000000708300000|  0%| F|  |TAMS 0x0000000708200000, 0x0000000708200000| Untracked 
|  57|0x0000000708300000, 0x0000000708300000, 0x0000000708400000|  0%| F|  |TAMS 0x0000000708300000, 0x0000000708300000| Untracked 
|  58|0x0000000708400000, 0x0000000708400000, 0x0000000708500000|  0%| F|  |TAMS 0x0000000708400000, 0x0000000708400000| Untracked 
|  59|0x0000000708500000, 0x0000000708500000, 0x0000000708600000|  0%| F|  |TAMS 0x0000000708500000, 0x0000000708500000| Untracked 
|  60|0x0000000708600000, 0x0000000708600000, 0x0000000708700000|  0%| F|  |TAMS 0x0000000708600000, 0x0000000708600000| Untracked 
|  61|0x0000000708700000, 0x0000000708700000, 0x0000000708800000|  0%| F|  |TAMS 0x0000000708700000, 0x0000000708700000| Untracked 
|  62|0x0000000708800000, 0x0000000708800000, 0x0000000708900000|  0%| F|  |TAMS 0x0000000708800000, 0x0000000708800000| Untracked 
|  63|0x0000000708900000, 0x0000000708900000, 0x0000000708a00000|  0%| F|  |TAMS 0x0000000708900000, 0x0000000708900000| Untracked 
|  64|0x0000000708a00000, 0x0000000708a00000, 0x0000000708b00000|  0%| F|  |TAMS 0x0000000708a00000, 0x0000000708a00000| Untracked 
|  65|0x0000000708b00000, 0x0000000708b00000, 0x0000000708c00000|  0%| F|  |TAMS 0x0000000708b00000, 0x0000000708b00000| Untracked 
|  66|0x0000000708c00000, 0x0000000708c00000, 0x0000000708d00000|  0%| F|  |TAMS 0x0000000708c00000, 0x0000000708c00000| Untracked 
|  67|0x0000000708d00000, 0x0000000708d00000, 0x0000000708e00000|  0%| F|  |TAMS 0x0000000708d00000, 0x0000000708d00000| Untracked 
|  68|0x0000000708e00000, 0x0000000708e00000, 0x0000000708f00000|  0%| F|  |TAMS 0x0000000708e00000, 0x0000000708e00000| Untracked 
|  69|0x0000000708f00000, 0x0000000708f00000, 0x0000000709000000|  0%| F|  |TAMS 0x0000000708f00000, 0x0000000708f00000| Untracked 
|  70|0x0000000709000000, 0x0000000709000000, 0x0000000709100000|  0%| F|  |TAMS 0x0000000709000000, 0x0000000709000000| Untracked 
|  71|0x0000000709100000, 0x0000000709100000, 0x0000000709200000|  0%| F|  |TAMS 0x0000000709100000, 0x0000000709100000| Untracked 
|  72|0x0000000709200000, 0x0000000709200000, 0x0000000709300000|  0%| F|  |TAMS 0x0000000709200000, 0x0000000709200000| Untracked 
|  73|0x0000000709300000, 0x0000000709300000, 0x0000000709400000|  0%| F|  |TAMS 0x0000000709300000, 0x0000000709300000| Untracked 
|  74|0x0000000709400000, 0x0000000709400000, 0x0000000709500000|  0%| F|  |TAMS 0x0000000709400000, 0x0000000709400000| Untracked 
|  75|0x0000000709500000, 0x0000000709500000, 0x0000000709600000|  0%| F|  |TAMS 0x0000000709500000, 0x0000000709500000| Untracked 
|  76|0x0000000709600000, 0x0000000709600000, 0x0000000709700000|  0%| F|  |TAMS 0x0000000709600000, 0x0000000709600000| Untracked 
|  77|0x0000000709700000, 0x0000000709700000, 0x0000000709800000|  0%| F|  |TAMS 0x0000000709700000, 0x0000000709700000| Untracked 
|  78|0x0000000709800000, 0x0000000709800000, 0x0000000709900000|  0%| F|  |TAMS 0x0000000709800000, 0x0000000709800000| Untracked 
|  79|0x0000000709900000, 0x0000000709900000, 0x0000000709a00000|  0%| F|  |TAMS 0x0000000709900000, 0x0000000709900000| Untracked 
|  80|0x0000000709a00000, 0x0000000709a00000, 0x0000000709b00000|  0%| F|  |TAMS 0x0000000709a00000, 0x0000000709a00000| Untracked 
|  81|0x0000000709b00000, 0x0000000709b00000, 0x0000000709c00000|  0%| F|  |TAMS 0x0000000709b00000, 0x0000000709b00000| Untracked 
|  82|0x0000000709c00000, 0x0000000709c00000, 0x0000000709d00000|  0%| F|  |TAMS 0x0000000709c00000, 0x0000000709c00000| Untracked 
|  83|0x0000000709d00000, 0x0000000709d00000, 0x0000000709e00000|  0%| F|  |TAMS 0x0000000709d00000, 0x0000000709d00000| Untracked 
|  84|0x0000000709e00000, 0x0000000709e00000, 0x0000000709f00000|  0%| F|  |TAMS 0x0000000709e00000, 0x0000000709e00000| Untracked 
|  85|0x0000000709f00000, 0x0000000709f00000, 0x000000070a000000|  0%| F|  |TAMS 0x0000000709f00000, 0x0000000709f00000| Untracked 
|  86|0x000000070a000000, 0x000000070a000000, 0x000000070a100000|  0%| F|  |TAMS 0x000000070a000000, 0x000000070a000000| Untracked 
|  87|0x000000070a100000, 0x000000070a100000, 0x000000070a200000|  0%| F|  |TAMS 0x000000070a100000, 0x000000070a100000| Untracked 
|  88|0x000000070a200000, 0x000000070a200000, 0x000000070a300000|  0%| F|  |TAMS 0x000000070a200000, 0x000000070a200000| Untracked 
|  89|0x000000070a300000, 0x000000070a300000, 0x000000070a400000|  0%| F|  |TAMS 0x000000070a300000, 0x000000070a300000| Untracked 
|  90|0x000000070a400000, 0x000000070a400000, 0x000000070a500000|  0%| F|  |TAMS 0x000000070a400000, 0x000000070a400000| Untracked 
|  91|0x000000070a500000, 0x000000070a500000, 0x000000070a600000|  0%| F|  |TAMS 0x000000070a500000, 0x000000070a500000| Untracked 
|  92|0x000000070a600000, 0x000000070a600000, 0x000000070a700000|  0%| F|  |TAMS 0x000000070a600000, 0x000000070a600000| Untracked 
|  93|0x000000070a700000, 0x000000070a700000, 0x000000070a800000|  0%| F|  |TAMS 0x000000070a700000, 0x000000070a700000| Untracked 
|  94|0x000000070a800000, 0x000000070a800000, 0x000000070a900000|  0%| F|  |TAMS 0x000000070a800000, 0x000000070a800000| Untracked 
|  95|0x000000070a900000, 0x000000070a900000, 0x000000070aa00000|  0%| F|  |TAMS 0x000000070a900000, 0x000000070a900000| Untracked 
|  96|0x000000070aa00000, 0x000000070aa00000, 0x000000070ab00000|  0%| F|  |TAMS 0x000000070aa00000, 0x000000070aa00000| Untracked 
|  97|0x000000070ab00000, 0x000000070ab00000, 0x000000070ac00000|  0%| F|  |TAMS 0x000000070ab00000, 0x000000070ab00000| Untracked 
|  98|0x000000070ac00000, 0x000000070ac00000, 0x000000070ad00000|  0%| F|  |TAMS 0x000000070ac00000, 0x000000070ac00000| Untracked 
|  99|0x000000070ad00000, 0x000000070ad00000, 0x000000070ae00000|  0%| F|  |TAMS 0x000000070ad00000, 0x000000070ad00000| Untracked 
| 100|0x000000070ae00000, 0x000000070ae00000, 0x000000070af00000|  0%| F|  |TAMS 0x000000070ae00000, 0x000000070ae00000| Untracked 
| 101|0x000000070af00000, 0x000000070af00000, 0x000000070b000000|  0%| F|  |TAMS 0x000000070af00000, 0x000000070af00000| Untracked 
| 102|0x000000070b000000, 0x000000070b000000, 0x000000070b100000|  0%| F|  |TAMS 0x000000070b000000, 0x000000070b000000| Untracked 
| 103|0x000000070b100000, 0x000000070b100000, 0x000000070b200000|  0%| F|  |TAMS 0x000000070b100000, 0x000000070b100000| Untracked 
| 104|0x000000070b200000, 0x000000070b200000, 0x000000070b300000|  0%| F|  |TAMS 0x000000070b200000, 0x000000070b200000| Untracked 
| 105|0x000000070b300000, 0x000000070b300000, 0x000000070b400000|  0%| F|  |TAMS 0x000000070b300000, 0x000000070b300000| Untracked 
| 106|0x000000070b400000, 0x000000070b400000, 0x000000070b500000|  0%| F|  |TAMS 0x000000070b400000, 0x000000070b400000| Untracked 
| 107|0x000000070b500000, 0x000000070b500000, 0x000000070b600000|  0%| F|  |TAMS 0x000000070b500000, 0x000000070b500000| Untracked 
| 108|0x000000070b600000, 0x000000070b600000, 0x000000070b700000|  0%| F|  |TAMS 0x000000070b600000, 0x000000070b600000| Untracked 
| 109|0x000000070b700000, 0x000000070b700000, 0x000000070b800000|  0%| F|  |TAMS 0x000000070b700000, 0x000000070b700000| Untracked 
| 110|0x000000070b800000, 0x000000070b800000, 0x000000070b900000|  0%| F|  |TAMS 0x000000070b800000, 0x000000070b800000| Untracked 
| 111|0x000000070b900000, 0x000000070b900000, 0x000000070ba00000|  0%| F|  |TAMS 0x000000070b900000, 0x000000070b900000| Untracked 
| 112|0x000000070ba00000, 0x000000070ba00000, 0x000000070bb00000|  0%| F|  |TAMS 0x000000070ba00000, 0x000000070ba00000| Untracked 
| 113|0x000000070bb00000, 0x000000070bb00000, 0x000000070bc00000|  0%| F|  |TAMS 0x000000070bb00000, 0x000000070bb00000| Untracked 
| 114|0x000000070bc00000, 0x000000070bc00000, 0x000000070bd00000|  0%| F|  |TAMS 0x000000070bc00000, 0x000000070bc00000| Untracked 
| 115|0x000000070bd00000, 0x000000070bd00000, 0x000000070be00000|  0%| F|  |TAMS 0x000000070bd00000, 0x000000070bd00000| Untracked 
| 116|0x000000070be00000, 0x000000070be00000, 0x000000070bf00000|  0%| F|  |TAMS 0x000000070be00000, 0x000000070be00000| Untracked 
| 117|0x000000070bf00000, 0x000000070bf00000, 0x000000070c000000|  0%| F|  |TAMS 0x000000070bf00000, 0x000000070bf00000| Untracked 
| 118|0x000000070c000000, 0x000000070c000000, 0x000000070c100000|  0%| F|  |TAMS 0x000000070c000000, 0x000000070c000000| Untracked 
| 119|0x000000070c100000, 0x000000070c100000, 0x000000070c200000|  0%| F|  |TAMS 0x000000070c100000, 0x000000070c100000| Untracked 
| 120|0x000000070c200000, 0x000000070c200000, 0x000000070c300000|  0%| F|  |TAMS 0x000000070c200000, 0x000000070c200000| Untracked 
| 121|0x000000070c300000, 0x000000070c300000, 0x000000070c400000|  0%| F|  |TAMS 0x000000070c300000, 0x000000070c300000| Untracked 
| 122|0x000000070c400000, 0x000000070c400000, 0x000000070c500000|  0%| F|  |TAMS 0x000000070c400000, 0x000000070c400000| Untracked 
| 123|0x000000070c500000, 0x000000070c500000, 0x000000070c600000|  0%| F|  |TAMS 0x000000070c500000, 0x000000070c500000| Untracked 
| 124|0x000000070c600000, 0x000000070c600000, 0x000000070c700000|  0%| F|  |TAMS 0x000000070c600000, 0x000000070c600000| Untracked 
| 125|0x000000070c700000, 0x000000070c700000, 0x000000070c800000|  0%| F|  |TAMS 0x000000070c700000, 0x000000070c700000| Untracked 
| 126|0x000000070c800000, 0x000000070c800000, 0x000000070c900000|  0%| F|  |TAMS 0x000000070c800000, 0x000000070c800000| Untracked 
| 127|0x000000070c900000, 0x000000070c900000, 0x000000070ca00000|  0%| F|  |TAMS 0x000000070c900000, 0x000000070c900000| Untracked 
| 128|0x000000070ca00000, 0x000000070ca00000, 0x000000070cb00000|  0%| F|  |TAMS 0x000000070ca00000, 0x000000070ca00000| Untracked 
| 129|0x000000070cb00000, 0x000000070cb00000, 0x000000070cc00000|  0%| F|  |TAMS 0x000000070cb00000, 0x000000070cb00000| Untracked 
| 130|0x000000070cc00000, 0x000000070cc00000, 0x000000070cd00000|  0%| F|  |TAMS 0x000000070cc00000, 0x000000070cc00000| Untracked 
| 131|0x000000070cd00000, 0x000000070cd00000, 0x000000070ce00000|  0%| F|  |TAMS 0x000000070cd00000, 0x000000070cd00000| Untracked 
| 132|0x000000070ce00000, 0x000000070ce00000, 0x000000070cf00000|  0%| F|  |TAMS 0x000000070ce00000, 0x000000070ce00000| Untracked 
| 133|0x000000070cf00000, 0x000000070cf00000, 0x000000070d000000|  0%| F|  |TAMS 0x000000070cf00000, 0x000000070cf00000| Untracked 
| 134|0x000000070d000000, 0x000000070d000000, 0x000000070d100000|  0%| F|  |TAMS 0x000000070d000000, 0x000000070d000000| Untracked 
| 135|0x000000070d100000, 0x000000070d100000, 0x000000070d200000|  0%| F|  |TAMS 0x000000070d100000, 0x000000070d100000| Untracked 
| 136|0x000000070d200000, 0x000000070d200000, 0x000000070d300000|  0%| F|  |TAMS 0x000000070d200000, 0x000000070d200000| Untracked 
| 137|0x000000070d300000, 0x000000070d300000, 0x000000070d400000|  0%| F|  |TAMS 0x000000070d300000, 0x000000070d300000| Untracked 
| 138|0x000000070d400000, 0x000000070d400000, 0x000000070d500000|  0%| F|  |TAMS 0x000000070d400000, 0x000000070d400000| Untracked 
| 139|0x000000070d500000, 0x000000070d500000, 0x000000070d600000|  0%| F|  |TAMS 0x000000070d500000, 0x000000070d500000| Untracked 
| 140|0x000000070d600000, 0x000000070d600000, 0x000000070d700000|  0%| F|  |TAMS 0x000000070d600000, 0x000000070d600000| Untracked 
| 141|0x000000070d700000, 0x000000070d700000, 0x000000070d800000|  0%| F|  |TAMS 0x000000070d700000, 0x000000070d700000| Untracked 
| 142|0x000000070d800000, 0x000000070d800000, 0x000000070d900000|  0%| F|  |TAMS 0x000000070d800000, 0x000000070d800000| Untracked 
| 143|0x000000070d900000, 0x000000070d900000, 0x000000070da00000|  0%| F|  |TAMS 0x000000070d900000, 0x000000070d900000| Untracked 
| 144|0x000000070da00000, 0x000000070da00000, 0x000000070db00000|  0%| F|  |TAMS 0x000000070da00000, 0x000000070da00000| Untracked 
| 145|0x000000070db00000, 0x000000070db00000, 0x000000070dc00000|  0%| F|  |TAMS 0x000000070db00000, 0x000000070db00000| Untracked 
| 146|0x000000070dc00000, 0x000000070dc00000, 0x000000070dd00000|  0%| F|  |TAMS 0x000000070dc00000, 0x000000070dc00000| Untracked 
| 147|0x000000070dd00000, 0x000000070dd00000, 0x000000070de00000|  0%| F|  |TAMS 0x000000070dd00000, 0x000000070dd00000| Untracked 
| 148|0x000000070de00000, 0x000000070de00000, 0x000000070df00000|  0%| F|  |TAMS 0x000000070de00000, 0x000000070de00000| Untracked 
| 149|0x000000070df00000, 0x000000070df00000, 0x000000070e000000|  0%| F|  |TAMS 0x000000070df00000, 0x000000070df00000| Untracked 
| 150|0x000000070e000000, 0x000000070e000000, 0x000000070e100000|  0%| F|  |TAMS 0x000000070e000000, 0x000000070e000000| Untracked 
| 151|0x000000070e100000, 0x000000070e100000, 0x000000070e200000|  0%| F|  |TAMS 0x000000070e100000, 0x000000070e100000| Untracked 
| 152|0x000000070e200000, 0x000000070e200000, 0x000000070e300000|  0%| F|  |TAMS 0x000000070e200000, 0x000000070e200000| Untracked 
| 153|0x000000070e300000, 0x000000070e300000, 0x000000070e400000|  0%| F|  |TAMS 0x000000070e300000, 0x000000070e300000| Untracked 
| 154|0x000000070e400000, 0x000000070e400000, 0x000000070e500000|  0%| F|  |TAMS 0x000000070e400000, 0x000000070e400000| Untracked 
| 155|0x000000070e500000, 0x000000070e500000, 0x000000070e600000|  0%| F|  |TAMS 0x000000070e500000, 0x000000070e500000| Untracked 
| 156|0x000000070e600000, 0x000000070e600000, 0x000000070e700000|  0%| F|  |TAMS 0x000000070e600000, 0x000000070e600000| Untracked 
| 157|0x000000070e700000, 0x000000070e700000, 0x000000070e800000|  0%| F|  |TAMS 0x000000070e700000, 0x000000070e700000| Untracked 
| 158|0x000000070e800000, 0x000000070e800000, 0x000000070e900000|  0%| F|  |TAMS 0x000000070e800000, 0x000000070e800000| Untracked 
| 159|0x000000070e900000, 0x000000070e900000, 0x000000070ea00000|  0%| F|  |TAMS 0x000000070e900000, 0x000000070e900000| Untracked 
| 160|0x000000070ea00000, 0x000000070ea00000, 0x000000070eb00000|  0%| F|  |TAMS 0x000000070ea00000, 0x000000070ea00000| Untracked 
| 161|0x000000070eb00000, 0x000000070eb00000, 0x000000070ec00000|  0%| F|  |TAMS 0x000000070eb00000, 0x000000070eb00000| Untracked 
| 162|0x000000070ec00000, 0x000000070ec00000, 0x000000070ed00000|  0%| F|  |TAMS 0x000000070ec00000, 0x000000070ec00000| Untracked 
| 163|0x000000070ed00000, 0x000000070ed00000, 0x000000070ee00000|  0%| F|  |TAMS 0x000000070ed00000, 0x000000070ed00000| Untracked 
| 164|0x000000070ee00000, 0x000000070ee00000, 0x000000070ef00000|  0%| F|  |TAMS 0x000000070ee00000, 0x000000070ee00000| Untracked 
| 165|0x000000070ef00000, 0x000000070ef00000, 0x000000070f000000|  0%| F|  |TAMS 0x000000070ef00000, 0x000000070ef00000| Untracked 
| 166|0x000000070f000000, 0x000000070f000000, 0x000000070f100000|  0%| F|  |TAMS 0x000000070f000000, 0x000000070f000000| Untracked 
| 167|0x000000070f100000, 0x000000070f100000, 0x000000070f200000|  0%| F|  |TAMS 0x000000070f100000, 0x000000070f100000| Untracked 
| 168|0x000000070f200000, 0x000000070f200000, 0x000000070f300000|  0%| F|  |TAMS 0x000000070f200000, 0x000000070f200000| Untracked 
| 169|0x000000070f300000, 0x000000070f300000, 0x000000070f400000|  0%| F|  |TAMS 0x000000070f300000, 0x000000070f300000| Untracked 
| 170|0x000000070f400000, 0x000000070f400000, 0x000000070f500000|  0%| F|  |TAMS 0x000000070f400000, 0x000000070f400000| Untracked 
| 171|0x000000070f500000, 0x000000070f500000, 0x000000070f600000|  0%| F|  |TAMS 0x000000070f500000, 0x000000070f500000| Untracked 
| 172|0x000000070f600000, 0x000000070f600000, 0x000000070f700000|  0%| F|  |TAMS 0x000000070f600000, 0x000000070f600000| Untracked 
| 173|0x000000070f700000, 0x000000070f700000, 0x000000070f800000|  0%| F|  |TAMS 0x000000070f700000, 0x000000070f700000| Untracked 
| 174|0x000000070f800000, 0x000000070f800000, 0x000000070f900000|  0%| F|  |TAMS 0x000000070f800000, 0x000000070f800000| Untracked 
| 175|0x000000070f900000, 0x000000070f900000, 0x000000070fa00000|  0%| F|  |TAMS 0x000000070f900000, 0x000000070f900000| Untracked 
| 176|0x000000070fa00000, 0x000000070fa00000, 0x000000070fb00000|  0%| F|  |TAMS 0x000000070fa00000, 0x000000070fa00000| Untracked 
| 177|0x000000070fb00000, 0x000000070fb00000, 0x000000070fc00000|  0%| F|  |TAMS 0x000000070fb00000, 0x000000070fb00000| Untracked 
| 178|0x000000070fc00000, 0x000000070fc00000, 0x000000070fd00000|  0%| F|  |TAMS 0x000000070fc00000, 0x000000070fc00000| Untracked 
| 179|0x000000070fd00000, 0x000000070fd00000, 0x000000070fe00000|  0%| F|  |TAMS 0x000000070fd00000, 0x000000070fd00000| Untracked 
| 180|0x000000070fe00000, 0x000000070fe00000, 0x000000070ff00000|  0%| F|  |TAMS 0x000000070fe00000, 0x000000070fe00000| Untracked 
| 181|0x000000070ff00000, 0x000000070ff00000, 0x0000000710000000|  0%| F|  |TAMS 0x000000070ff00000, 0x000000070ff00000| Untracked 
| 182|0x0000000710000000, 0x0000000710000000, 0x0000000710100000|  0%| F|  |TAMS 0x0000000710000000, 0x0000000710000000| Untracked 
| 183|0x0000000710100000, 0x0000000710100000, 0x0000000710200000|  0%| F|  |TAMS 0x0000000710100000, 0x0000000710100000| Untracked 
| 184|0x0000000710200000, 0x0000000710200000, 0x0000000710300000|  0%| F|  |TAMS 0x0000000710200000, 0x0000000710200000| Untracked 
| 185|0x0000000710300000, 0x0000000710300000, 0x0000000710400000|  0%| F|  |TAMS 0x0000000710300000, 0x0000000710300000| Untracked 
| 186|0x0000000710400000, 0x0000000710400000, 0x0000000710500000|  0%| F|  |TAMS 0x0000000710400000, 0x0000000710400000| Untracked 
| 187|0x0000000710500000, 0x0000000710500000, 0x0000000710600000|  0%| F|  |TAMS 0x0000000710500000, 0x0000000710500000| Untracked 
| 188|0x0000000710600000, 0x0000000710600000, 0x0000000710700000|  0%| F|  |TAMS 0x0000000710600000, 0x0000000710600000| Untracked 
| 189|0x0000000710700000, 0x0000000710700000, 0x0000000710800000|  0%| F|  |TAMS 0x0000000710700000, 0x0000000710700000| Untracked 
| 190|0x0000000710800000, 0x0000000710800000, 0x0000000710900000|  0%| F|  |TAMS 0x0000000710800000, 0x0000000710800000| Untracked 
| 191|0x0000000710900000, 0x0000000710900000, 0x0000000710a00000|  0%| F|  |TAMS 0x0000000710900000, 0x0000000710900000| Untracked 
| 192|0x0000000710a00000, 0x0000000710a00000, 0x0000000710b00000|  0%| F|  |TAMS 0x0000000710a00000, 0x0000000710a00000| Untracked 
| 193|0x0000000710b00000, 0x0000000710b00000, 0x0000000710c00000|  0%| F|  |TAMS 0x0000000710b00000, 0x0000000710b00000| Untracked 
| 194|0x0000000710c00000, 0x0000000710c00000, 0x0000000710d00000|  0%| F|  |TAMS 0x0000000710c00000, 0x0000000710c00000| Untracked 
| 195|0x0000000710d00000, 0x0000000710d00000, 0x0000000710e00000|  0%| F|  |TAMS 0x0000000710d00000, 0x0000000710d00000| Untracked 
| 196|0x0000000710e00000, 0x0000000710e00000, 0x0000000710f00000|  0%| F|  |TAMS 0x0000000710e00000, 0x0000000710e00000| Untracked 
| 197|0x0000000710f00000, 0x0000000710f00000, 0x0000000711000000|  0%| F|  |TAMS 0x0000000710f00000, 0x0000000710f00000| Untracked 
| 198|0x0000000711000000, 0x0000000711000000, 0x0000000711100000|  0%| F|  |TAMS 0x0000000711000000, 0x0000000711000000| Untracked 
| 199|0x0000000711100000, 0x0000000711100000, 0x0000000711200000|  0%| F|  |TAMS 0x0000000711100000, 0x0000000711100000| Untracked 
| 200|0x0000000711200000, 0x0000000711200000, 0x0000000711300000|  0%| F|  |TAMS 0x0000000711200000, 0x0000000711200000| Untracked 
| 201|0x0000000711300000, 0x0000000711300000, 0x0000000711400000|  0%| F|  |TAMS 0x0000000711300000, 0x0000000711300000| Untracked 
| 202|0x0000000711400000, 0x0000000711400000, 0x0000000711500000|  0%| F|  |TAMS 0x0000000711400000, 0x0000000711400000| Untracked 
| 203|0x0000000711500000, 0x0000000711500000, 0x0000000711600000|  0%| F|  |TAMS 0x0000000711500000, 0x0000000711500000| Untracked 
| 204|0x0000000711600000, 0x0000000711600000, 0x0000000711700000|  0%| F|  |TAMS 0x0000000711600000, 0x0000000711600000| Untracked 
| 205|0x0000000711700000, 0x0000000711700000, 0x0000000711800000|  0%| F|  |TAMS 0x0000000711700000, 0x0000000711700000| Untracked 
| 206|0x0000000711800000, 0x0000000711800000, 0x0000000711900000|  0%| F|  |TAMS 0x0000000711800000, 0x0000000711800000| Untracked 
| 207|0x0000000711900000, 0x0000000711900000, 0x0000000711a00000|  0%| F|  |TAMS 0x0000000711900000, 0x0000000711900000| Untracked 
| 208|0x0000000711a00000, 0x0000000711a00000, 0x0000000711b00000|  0%| F|  |TAMS 0x0000000711a00000, 0x0000000711a00000| Untracked 
| 209|0x0000000711b00000, 0x0000000711b00000, 0x0000000711c00000|  0%| F|  |TAMS 0x0000000711b00000, 0x0000000711b00000| Untracked 
| 210|0x0000000711c00000, 0x0000000711c00000, 0x0000000711d00000|  0%| F|  |TAMS 0x0000000711c00000, 0x0000000711c00000| Untracked 
| 211|0x0000000711d00000, 0x0000000711d00000, 0x0000000711e00000|  0%| F|  |TAMS 0x0000000711d00000, 0x0000000711d00000| Untracked 
| 212|0x0000000711e00000, 0x0000000711e00000, 0x0000000711f00000|  0%| F|  |TAMS 0x0000000711e00000, 0x0000000711e00000| Untracked 
| 213|0x0000000711f00000, 0x0000000711f00000, 0x0000000712000000|  0%| F|  |TAMS 0x0000000711f00000, 0x0000000711f00000| Untracked 
| 214|0x0000000712000000, 0x0000000712000000, 0x0000000712100000|  0%| F|  |TAMS 0x0000000712000000, 0x0000000712000000| Untracked 
| 215|0x0000000712100000, 0x0000000712100000, 0x0000000712200000|  0%| F|  |TAMS 0x0000000712100000, 0x0000000712100000| Untracked 
| 216|0x0000000712200000, 0x0000000712200000, 0x0000000712300000|  0%| F|  |TAMS 0x0000000712200000, 0x0000000712200000| Untracked 
| 217|0x0000000712300000, 0x0000000712300000, 0x0000000712400000|  0%| F|  |TAMS 0x0000000712300000, 0x0000000712300000| Untracked 
| 218|0x0000000712400000, 0x0000000712400000, 0x0000000712500000|  0%| F|  |TAMS 0x0000000712400000, 0x0000000712400000| Untracked 
| 219|0x0000000712500000, 0x0000000712500000, 0x0000000712600000|  0%| F|  |TAMS 0x0000000712500000, 0x0000000712500000| Untracked 
| 220|0x0000000712600000, 0x0000000712600000, 0x0000000712700000|  0%| F|  |TAMS 0x0000000712600000, 0x0000000712600000| Untracked 
| 221|0x0000000712700000, 0x0000000712700000, 0x0000000712800000|  0%| F|  |TAMS 0x0000000712700000, 0x0000000712700000| Untracked 
| 222|0x0000000712800000, 0x0000000712800000, 0x0000000712900000|  0%| F|  |TAMS 0x0000000712800000, 0x0000000712800000| Untracked 
| 223|0x0000000712900000, 0x0000000712900000, 0x0000000712a00000|  0%| F|  |TAMS 0x0000000712900000, 0x0000000712900000| Untracked 
| 224|0x0000000712a00000, 0x0000000712a00000, 0x0000000712b00000|  0%| F|  |TAMS 0x0000000712a00000, 0x0000000712a00000| Untracked 
| 225|0x0000000712b00000, 0x0000000712b00000, 0x0000000712c00000|  0%| F|  |TAMS 0x0000000712b00000, 0x0000000712b00000| Untracked 
| 226|0x0000000712c00000, 0x0000000712c00000, 0x0000000712d00000|  0%| F|  |TAMS 0x0000000712c00000, 0x0000000712c00000| Untracked 
| 227|0x0000000712d00000, 0x0000000712d00000, 0x0000000712e00000|  0%| F|  |TAMS 0x0000000712d00000, 0x0000000712d00000| Untracked 
| 228|0x0000000712e00000, 0x0000000712e00000, 0x0000000712f00000|  0%| F|  |TAMS 0x0000000712e00000, 0x0000000712e00000| Untracked 
| 229|0x0000000712f00000, 0x0000000712f00000, 0x0000000713000000|  0%| F|  |TAMS 0x0000000712f00000, 0x0000000712f00000| Untracked 
| 230|0x0000000713000000, 0x0000000713000000, 0x0000000713100000|  0%| F|  |TAMS 0x0000000713000000, 0x0000000713000000| Untracked 
| 231|0x0000000713100000, 0x0000000713100000, 0x0000000713200000|  0%| F|  |TAMS 0x0000000713100000, 0x0000000713100000| Untracked 
| 232|0x0000000713200000, 0x0000000713200000, 0x0000000713300000|  0%| F|  |TAMS 0x0000000713200000, 0x0000000713200000| Untracked 
| 233|0x0000000713300000, 0x00000007133baa98, 0x0000000713400000| 72%| S|CS|TAMS 0x0000000713300000, 0x0000000713300000| Complete 
| 234|0x0000000713400000, 0x0000000713500000, 0x0000000713500000|100%| S|CS|TAMS 0x0000000713400000, 0x0000000713400000| Complete 
| 235|0x0000000713500000, 0x0000000713500000, 0x0000000713600000|  0%| F|  |TAMS 0x0000000713500000, 0x0000000713500000| Untracked 
| 236|0x0000000713600000, 0x0000000713600000, 0x0000000713700000|  0%| F|  |TAMS 0x0000000713600000, 0x0000000713600000| Untracked 
| 237|0x0000000713700000, 0x0000000713700000, 0x0000000713800000|  0%| F|  |TAMS 0x0000000713700000, 0x0000000713700000| Untracked 
| 238|0x0000000713800000, 0x0000000713800000, 0x0000000713900000|  0%| F|  |TAMS 0x0000000713800000, 0x0000000713800000| Untracked 
| 239|0x0000000713900000, 0x0000000713900000, 0x0000000713a00000|  0%| F|  |TAMS 0x0000000713900000, 0x0000000713900000| Untracked 
| 240|0x0000000713a00000, 0x0000000713a00000, 0x0000000713b00000|  0%| F|  |TAMS 0x0000000713a00000, 0x0000000713a00000| Untracked 
| 241|0x0000000713b00000, 0x0000000713b00000, 0x0000000713c00000|  0%| F|  |TAMS 0x0000000713b00000, 0x0000000713b00000| Untracked 
| 242|0x0000000713c00000, 0x0000000713c00000, 0x0000000713d00000|  0%| F|  |TAMS 0x0000000713c00000, 0x0000000713c00000| Untracked 
| 243|0x0000000713d00000, 0x0000000713d00000, 0x0000000713e00000|  0%| F|  |TAMS 0x0000000713d00000, 0x0000000713d00000| Untracked 
| 244|0x0000000713e00000, 0x0000000713e00000, 0x0000000713f00000|  0%| F|  |TAMS 0x0000000713e00000, 0x0000000713e00000| Untracked 
| 245|0x0000000713f00000, 0x0000000713f00000, 0x0000000714000000|  0%| F|  |TAMS 0x0000000713f00000, 0x0000000713f00000| Untracked 
| 246|0x0000000714000000, 0x0000000714000000, 0x0000000714100000|  0%| F|  |TAMS 0x0000000714000000, 0x0000000714000000| Untracked 
| 247|0x0000000714100000, 0x0000000714100000, 0x0000000714200000|  0%| F|  |TAMS 0x0000000714100000, 0x0000000714100000| Untracked 
| 248|0x0000000714200000, 0x0000000714200000, 0x0000000714300000|  0%| F|  |TAMS 0x0000000714200000, 0x0000000714200000| Untracked 
| 249|0x0000000714300000, 0x00000007143a50d8, 0x0000000714400000| 64%| E|  |TAMS 0x0000000714300000, 0x0000000714300000| Complete 
| 250|0x0000000714400000, 0x0000000714500000, 0x0000000714500000|100%| E|CS|TAMS 0x0000000714400000, 0x0000000714400000| Complete 
| 251|0x0000000714500000, 0x0000000714600000, 0x0000000714600000|100%| E|CS|TAMS 0x0000000714500000, 0x0000000714500000| Complete 

Card table byte_map: [0x0000021dad5f0000,0x0000021daddd0000] _byte_map_base: 0x0000021da9dcb000

Marking Bits (Prev, Next): (CMBitMap*) 0x0000021d95615518, (CMBitMap*) 0x0000021d95615550
 Prev Bits: [0x0000021dae5b0000, 0x0000021db2488000)
 Next Bits: [0x0000021db2490000, 0x0000021db6368000)

Polling page: 0x0000021d94d70000

Metaspace:

Usage:
  Non-class:     12.50 MB capacity,    12.21 MB ( 98%) used,   256.05 KB (  2%) free+waste,    39.56 KB ( <1%) overhead. 
      Class:      1.64 MB capacity,     1.49 MB ( 91%) used,   130.55 KB (  8%) free+waste,    20.06 KB (  1%) overhead. 
       Both:     14.14 MB capacity,    13.70 MB ( 97%) used,   386.59 KB (  3%) free+waste,    59.63 KB ( <1%) overhead. 

Virtual space:
  Non-class space:       14.00 MB reserved,      12.75 MB ( 91%) committed 
      Class space:        1.00 GB reserved,       1.75 MB ( <1%) committed 
             Both:        1.01 GB reserved,      14.50 MB (  1%) committed 

Chunk freelists:
   Non-Class:  0 bytes
       Class:  2.63 KB
        Both:  2.63 KB

CodeHeap 'non-profiled nmethods': size=238336Kb used=2059Kb max_used=2059Kb free=236276Kb
 bounds [0x0000021d9dff0000, 0x0000021d9e260000, 0x0000021dac8b0000]
CodeHeap 'non-nmethods': size=7424Kb used=1690Kb max_used=1690Kb free=5733Kb
 bounds [0x0000021d9d8b0000, 0x0000021d9db20000, 0x0000021d9dff0000]
 total_blobs=1813 nmethods=1367 adapters=355
 compilation: enabled
              stopped_count=0, restarted_count=0
 full_count=0

Compilation events (10 events):
Event: 0.540 Thread 0x0000021db9a47000 1363       1       jdk.internal.reflect.Reflection::verifyMemberAccess (190 bytes)
Event: 0.540 Thread 0x0000021db9cc9800 1364       1       jdk.internal.reflect.Reflection::verifyModuleAccess (24 bytes)
Event: 0.540 Thread 0x0000021db9cc9800 nmethod 1364 0x0000021d9e1ee510 code [0x0000021d9e1ee700, 0x0000021d9e1eea20]
Event: 0.540 Thread 0x0000021db9cc9800 1365   !   1       java.util.concurrent.ConcurrentHashMap::replaceNode (437 bytes)
Event: 0.541 Thread 0x0000021db9cc9800 nmethod 1365 0x0000021d9e1eec10 code [0x0000021d9e1eeec0, 0x0000021d9e1efec0]
Event: 0.541 Thread 0x0000021db9cc9800 1366       1       java.util.concurrent.ConcurrentHashMap::remove (8 bytes)
Event: 0.541 Thread 0x0000021db9cc9800 nmethod 1366 0x0000021d9e1f0990 code [0x0000021d9e1f0b40, 0x0000021d9e1f0c90]
Event: 0.541 Thread 0x0000021db9cc9800 1367       1       java.lang.invoke.AbstractValidatingLambdaMetafactory::isAdaptableTo (126 bytes)
Event: 0.542 Thread 0x0000021db9a47000 nmethod 1363 0x0000021d9e1f0d10 code [0x0000021d9e1f1060, 0x0000021d9e1f1db0]
Event: 0.542 Thread 0x0000021db9cc9800 nmethod 1367 0x0000021d9e1f2410 code [0x0000021d9e1f2640, 0x0000021d9e1f2ab0]

GC Heap History (4 events):
Event: 0.271 GC heap before
{Heap before GC invocations=0 (full 0):
 garbage-first heap   total 258048K, used 26624K [0x0000000704a00000, 0x0000000800000000)
  region size 1024K, 24 young (24576K), 0 survivors (0K)
 Metaspace       used 9031K, capacity 9234K, committed 9472K, reserved 1058816K
  class space    used 919K, capacity 996K, committed 1024K, reserved 1048576K
}
Event: 0.275 GC heap after
{Heap after GC invocations=1 (full 0):
 garbage-first heap   total 258048K, used 15721K [0x0000000704a00000, 0x0000000800000000)
  region size 1024K, 3 young (3072K), 3 survivors (3072K)
 Metaspace       used 9031K, capacity 9234K, committed 9472K, reserved 1058816K
  class space    used 919K, capacity 996K, committed 1024K, reserved 1048576K
}
Event: 0.532 GC heap before
{Heap before GC invocations=1 (full 0):
 garbage-first heap   total 258048K, used 33129K [0x0000000704a00000, 0x0000000800000000)
  region size 1024K, 20 young (20480K), 3 survivors (3072K)
 Metaspace       used 13878K, capacity 14339K, committed 14592K, reserved 1062912K
  class space    used 1504K, capacity 1673K, committed 1792K, reserved 1048576K
}
Event: 0.535 GC heap after
{Heap after GC invocations=2 (full 0):
 garbage-first heap   total 258048K, used 17422K [0x0000000704a00000, 0x0000000800000000)
  region size 1024K, 2 young (2048K), 2 survivors (2048K)
 Metaspace       used 13878K, capacity 14339K, committed 14592K, reserved 1062912K
  class space    used 1504K, capacity 1673K, committed 1792K, reserved 1048576K
}

Deoptimization events (0 events):
No events

Classes redefined (0 events):
No events

Internal exceptions (10 events):
Event: 0.540 Thread 0x0000021dbaa10800 Exception <a 'java/lang/ClassNotFoundException'{0x00000007144e07c8}: org/springframework/context/support/LiveBeansView> (0x00000007144e07c8) thrown at [t:/workspace/open/src/hotspot/share/classfile/systemDictionary.cpp, line 231]
Event: 0.540 Thread 0x0000021dbaa10800 Exception <a 'java/lang/ClassNotFoundException'{0x00000007144e0b98}: org/springframework/boot/actuate/endpoint/jmx/EndpointMBean> (0x00000007144e0b98) thrown at [t:/workspace/open/src/hotspot/share/classfile/systemDictionary.cpp, line 231]
Event: 0.540 Thread 0x0000021dbaa10800 Exception <a 'java/lang/ClassNotFoundException'{0x00000007144e0f68}: org/springframework/boot/actuate/endpoint/jmx/DataEndpointMBean> (0x00000007144e0f68) thrown at [t:/workspace/open/src/hotspot/share/classfile/systemDictionary.cpp, line 231]
Event: 0.540 Thread 0x0000021dbaa10800 Exception <a 'java/lang/ClassNotFoundException'{0x00000007144e1330}: org/springframework/context/support/LiveBeansView> (0x00000007144e1330) thrown at [t:/workspace/open/src/hotspot/share/classfile/systemDictionary.cpp, line 231]
Event: 0.540 Thread 0x0000021dbaa10800 Exception <a 'java/lang/ClassNotFoundException'{0x00000007144e16e8}: org/springframework/boot/actuate/endpoint/jmx/EndpointMBean> (0x00000007144e16e8) thrown at [t:/workspace/open/src/hotspot/share/classfile/systemDictionary.cpp, line 231]
Event: 0.540 Thread 0x0000021dbaa10800 Exception <a 'java/lang/ClassNotFoundException'{0x00000007144e1aa0}: org/springframework/boot/actuate/endpoint/jmx/DataEndpointMBean> (0x00000007144e1aa0) thrown at [t:/workspace/open/src/hotspot/share/classfile/systemDictionary.cpp, line 231]
Event: 0.540 Thread 0x0000021dbaa10800 Exception <a 'java/lang/ClassNotFoundException'{0x00000007144e1e50}: org/springframework/context/support/LiveBeansView> (0x00000007144e1e50) thrown at [t:/workspace/open/src/hotspot/share/classfile/systemDictionary.cpp, line 231]
Event: 0.540 Thread 0x0000021dbaa10800 Exception <a 'java/lang/ClassNotFoundException'{0x00000007144e2208}: org/springframework/boot/actuate/endpoint/jmx/EndpointMBean> (0x00000007144e2208) thrown at [t:/workspace/open/src/hotspot/share/classfile/systemDictionary.cpp, line 231]
Event: 0.540 Thread 0x0000021dbaa10800 Exception <a 'java/lang/ClassNotFoundException'{0x00000007144e25c0}: org/springframework/boot/actuate/endpoint/jmx/DataEndpointMBean> (0x00000007144e25c0) thrown at [t:/workspace/open/src/hotspot/share/classfile/systemDictionary.cpp, line 231]
Event: 0.540 Thread 0x0000021dbaa10800 Exception <a 'java/lang/ClassNotFoundException'{0x00000007144e2970}: org/springframework/context/support/LiveBeansView> (0x00000007144e2970) thrown at [t:/workspace/open/src/hotspot/share/classfile/systemDictionary.cpp, line 231]

Events (10 events):
Event: 0.540 loading class javax/management/remote/rmi/RMIConnector$Util
Event: 0.540 loading class javax/management/remote/rmi/RMIConnector$Util done
Event: 0.540 loading class org/apache/logging/log4j/core/util/NetUtils
Event: 0.540 loading class org/apache/logging/log4j/core/util/NetUtils done
Event: 0.540 Executing VM operation: RevokeBias
Event: 0.540 Executing VM operation: RevokeBias done
Event: 0.540 Executing VM operation: RevokeBias
Event: 0.540 Executing VM operation: RevokeBias done
Event: 0.540 Executing VM operation: RevokeBias
Event: 0.541 Executing VM operation: RevokeBias done


Dynamic libraries:
0x00007ff6f9a30000 - 0x00007ff6f9a75000 	C:\hiway4_toolkit\jdk-11.0.2\bin\javaw.exe
0x00007ffc1a550000 - 0x00007ffc1a767000 	C:\Windows\SYSTEM32\ntdll.dll
0x00007ffc19270000 - 0x00007ffc19334000 	C:\Windows\System32\KERNEL32.DLL
0x00007ffc17b00000 - 0x00007ffc17eba000 	C:\Windows\System32\KERNELBASE.dll
0x00007ffc19970000 - 0x00007ffc19b1e000 	C:\Windows\System32\USER32.dll
0x00007ffc17890000 - 0x00007ffc178b6000 	C:\Windows\System32\win32u.dll
0x00007ffc18f90000 - 0x00007ffc18fb9000 	C:\Windows\System32\GDI32.dll
0x00007ffc18060000 - 0x00007ffc1817b000 	C:\Windows\System32\gdi32full.dll
0x00007ffc178c0000 - 0x00007ffc1795a000 	C:\Windows\System32\msvcp_win.dll
0x00007ffc17ec0000 - 0x00007ffc17fd1000 	C:\Windows\System32\ucrtbase.dll
0x00007ffbfec90000 - 0x00007ffbfef22000 	C:\Windows\WinSxS\amd64_microsoft.windows.common-controls_6595b64144ccf1df_6.0.22621.4541_none_2710d1c57384c085\COMCTL32.dll
0x00007ffc198b0000 - 0x00007ffc19957000 	C:\Windows\System32\msvcrt.dll
0x00007ffc186c0000 - 0x00007ffc186f1000 	C:\Windows\System32\IMM32.DLL
0x00007ffc0c290000 - 0x00007ffc0c2a6000 	C:\hiway4_toolkit\jdk-11.0.2\bin\vcruntime140.dll
0x00007ffc0b2b0000 - 0x00007ffc0b35a000 	C:\hiway4_toolkit\jdk-11.0.2\bin\msvcp140.dll
0x00007ffbd5340000 - 0x00007ffbd5e63000 	C:\hiway4_toolkit\jdk-11.0.2\bin\server\jvm.dll
0x00007ffc18480000 - 0x00007ffc18532000 	C:\Windows\System32\ADVAPI32.dll
0x00007ffc185a0000 - 0x00007ffc18647000 	C:\Windows\System32\sechost.dll
0x00007ffc17ad0000 - 0x00007ffc17af8000 	C:\Windows\System32\bcrypt.dll
0x00007ffc19b40000 - 0x00007ffc19c54000 	C:\Windows\System32\RPCRT4.dll
0x00007ffc198a0000 - 0x00007ffc198a8000 	C:\Windows\System32\PSAPI.DLL
0x00007ffc0ed60000 - 0x00007ffc0ed94000 	C:\Windows\SYSTEM32\WINMM.dll
0x00007ffc0b960000 - 0x00007ffc0b96a000 	C:\Windows\SYSTEM32\VERSION.dll
0x00007ffc0ff10000 - 0x00007ffc0ff19000 	C:\Windows\SYSTEM32\WSOCK32.dll
0x00007ffc19cf0000 - 0x00007ffc19d61000 	C:\Windows\System32\WS2_32.dll
0x00007ffc16940000 - 0x00007ffc16958000 	C:\Windows\SYSTEM32\kernel.appcore.dll
0x00007ffc0b290000 - 0x00007ffc0b2a1000 	C:\hiway4_toolkit\jdk-11.0.2\bin\verify.dll
0x00007ffc152f0000 - 0x00007ffc15522000 	C:\Windows\SYSTEM32\DBGHELP.DLL
0x00007ffc19340000 - 0x00007ffc196d1000 	C:\Windows\System32\combase.dll
0x00007ffc18240000 - 0x00007ffc18317000 	C:\Windows\System32\OLEAUT32.dll
0x00007ffc0c760000 - 0x00007ffc0c792000 	C:\Windows\SYSTEM32\dbgcore.DLL
0x00007ffc17810000 - 0x00007ffc1788b000 	C:\Windows\System32\bcryptPrimitives.dll
0x00007ffc0b260000 - 0x00007ffc0b288000 	C:\hiway4_toolkit\jdk-11.0.2\bin\java.dll
0x00007ffc0b210000 - 0x00007ffc0b226000 	C:\hiway4_toolkit\jdk-11.0.2\bin\zip.dll
0x00007ffc0fea0000 - 0x00007ffc0feaa000 	C:\hiway4_toolkit\jdk-11.0.2\bin\jimage.dll
0x00007ffc18710000 - 0x00007ffc18f89000 	C:\Windows\System32\SHELL32.dll
0x00007ffc15750000 - 0x00007ffc16059000 	C:\Windows\SYSTEM32\windows.storage.dll
0x00007ffc15610000 - 0x00007ffc1574f000 	C:\Windows\SYSTEM32\wintypes.dll
0x00007ffc18fc0000 - 0x00007ffc190ba000 	C:\Windows\System32\SHCORE.dll
0x00007ffc18540000 - 0x00007ffc1859e000 	C:\Windows\System32\shlwapi.dll
0x00007ffc17740000 - 0x00007ffc1776b000 	C:\Windows\SYSTEM32\profapi.dll
0x00007ffc0a660000 - 0x00007ffc0a679000 	C:\hiway4_toolkit\jdk-11.0.2\bin\net.dll
0x00007ffc01250000 - 0x00007ffc01445000 	C:\Windows\SYSTEM32\urlmon.dll
0x00007ffc107e0000 - 0x00007ffc10916000 	C:\Windows\SYSTEM32\WINHTTP.dll
0x00007ffc00f90000 - 0x00007ffc0124f000 	C:\Windows\SYSTEM32\iertutil.dll
0x00007ffc00f60000 - 0x00007ffc00f88000 	C:\Windows\SYSTEM32\srvcli.dll
0x00007ffc16300000 - 0x00007ffc1630c000 	C:\Windows\SYSTEM32\netutils.dll
0x00007ffc16dc0000 - 0x00007ffc16e29000 	C:\Windows\system32\mswsock.dll
0x00007ffc0a640000 - 0x00007ffc0a653000 	C:\hiway4_toolkit\jdk-11.0.2\bin\nio.dll
0x00007ffc0ee90000 - 0x00007ffc0ee99000 	C:\hiway4_toolkit\jdk-11.0.2\bin\management.dll
0x00007ffc0bac0000 - 0x00007ffc0bacc000 	C:\hiway4_toolkit\jdk-11.0.2\bin\management_ext.dll
0x00007ffbfd700000 - 0x00007ffbfd717000 	C:\Windows\system32\napinsp.dll
0x00007ffbfd540000 - 0x00007ffbfd55b000 	C:\Windows\system32\pnrpnsp.dll
0x00007ffc16360000 - 0x00007ffc16462000 	C:\Windows\SYSTEM32\DNSAPI.dll
0x00007ffc16330000 - 0x00007ffc1635d000 	C:\Windows\SYSTEM32\IPHLPAPI.DLL
0x00007ffc19960000 - 0x00007ffc19969000 	C:\Windows\System32\NSI.dll
0x00007ffbfd520000 - 0x00007ffbfd531000 	C:\Windows\System32\winrnr.dll
0x00007ffc0f030000 - 0x00007ffc0f045000 	C:\Windows\system32\wshbth.dll
0x00007ffbfd4f0000 - 0x00007ffbfd517000 	C:\Windows\system32\nlansp_c.dll
0x00007ffc0ff80000 - 0x00007ffc0ff8a000 	C:\Windows\System32\rasadhlp.dll
0x00007ffc0f090000 - 0x00007ffc0f113000 	C:\Windows\System32\fwpuclnt.dll
0x00007ffc17020000 - 0x00007ffc1703b000 	C:\Windows\SYSTEM32\CRYPTSP.dll
0x00007ffc168a0000 - 0x00007ffc168d5000 	C:\Windows\system32\rsaenh.dll
0x00007ffc16eb0000 - 0x00007ffc16ed8000 	C:\Windows\SYSTEM32\USERENV.dll
0x00007ffc17010000 - 0x00007ffc1701c000 	C:\Windows\SYSTEM32\CRYPTBASE.dll
0x00007ffc10580000 - 0x00007ffc10599000 	C:\Windows\SYSTEM32\dhcpcsvc6.DLL
0x00007ffc10560000 - 0x00007ffc1057f000 	C:\Windows\SYSTEM32\dhcpcsvc.DLL

dbghelp: loaded successfully - version: 4.0.5 - missing functions: none
symbol engine: initialized successfully - sym options: 0x614 - pdb path: .;C:\hiway4_toolkit\jdk-11.0.2\bin;C:\Windows\SYSTEM32;C:\Windows\WinSxS\amd64_microsoft.windows.common-controls_6595b64144ccf1df_6.0.22621.4541_none_2710d1c57384c085;C:\hiway4_toolkit\jdk-11.0.2\bin\server

VM Arguments:
jvm_args: -Dcom.sun.management.jmxremote -Dcom.sun.management.jmxremote.port=50876 -Dcom.sun.management.jmxremote.authenticate=false -Dcom.sun.management.jmxremote.ssl=false -Djava.rmi.server.hostname=localhost -Dspring.application.admin.enabled=true -Xverify:none -XX:TieredStopAtLevel=1 -Dfile.encoding=UTF-8 
java_command: com.SpringBoot.SpringBoot.Application --spring.output.ansi.enabled=always
java_class_path (initial): C:\Git\SpringBootVue\backend\bin\main;C:\Users\iljoo\.gradle\caches\modules-2\files-2.1\commons-dbcp\commons-dbcp\1.4\30be73c965cc990b153a100aaaaafcf239f82d39\commons-dbcp-1.4.jar;C:\Users\iljoo\.gradle\caches\modules-2\files-2.1\net.sf.jasperreports\jasperreports-functions\6.20.4\20082a0ca359efbff63570c910779de22573b846\jasperreports-functions-6.20.4.jar;C:\Users\iljoo\.gradle\caches\modules-2\files-2.1\net.sf.jasperreports\jasperreports\6.20.4\3680efa8cdbe38b8b914bc0844e9da4f59f59588\jasperreports-6.20.4.jar;C:\Users\iljoo\.gradle\caches\modules-2\files-2.1\org.springframework.boot\spring-boot-starter-thymeleaf\2.7.7\5d80dd18f2f1945e3dc568fa30ac106e329a4bde\spring-boot-starter-thymeleaf-2.7.7.jar;C:\Users\iljoo\.gradle\caches\modules-2\files-2.1\com.google.firebase\firebase-admin\9.1.1\ed4c3d54dc08904aed7308a0c9aca5c9a51e9802\firebase-admin-9.1.1.jar;C:\Users\iljoo\.gradle\caches\modules-2\files-2.1\com.google.cloud\google-cloud-storage\2.14.0\80e00faccaa8ada82661edbc06ed17cd1e01d128\google-cloud-storage-2.14.0.jar;C:\Users\iljoo\.gradle\caches\modules-2\files-2.1\com.google.cloud\google-cloud-firestore\3.7.0\3043370c68dac34bd58e419bbbf6267424e3baa2\google-cloud-firestore-3.7.0.jar;C:\Users\iljoo\.gradle\caches\modules-2\files-2.1\com.google.api.grpc\proto-google-cloud-firestore-v1\3.7.0\e3cb227472c14180570dcb3379f21b2c1f8267c7\proto-google-cloud-firestore-v1-3.7.0.jar;C:\Users\iljoo\.gradle\caches\modules-2\files-2.1\com.google.cloud\proto-google-cloud-firestore-bundle-v1\3.7.0\e61a48ab3394826bdd4057b891d3def3ebba8810\proto-google-cloud-firestore-bundle-v1-3.7.0.jar;C:\Users\iljoo\.gradle\caches\modules-2\files-2.1\javax.annotation\javax.annotation-api\1.3.2\934c04d3cfef185a8008e7bf34331b79730a9d43\javax.annotation-api-1.3.2.jar;C:\Users\iljoo\.gradle\caches\modules-2\files-2.1\org.springframework.boot\spring-boot-starter-data-jpa\2.7.7\bc28a10c4fc39f01e9233db84f132eb4b8c53390\spring-boot-starter-data-jpa-2.7.7.jar;C:\Users\iljoo\.gra
Launcher Type: SUN_STANDARD

[Global flags]
     bool BytecodeVerificationLocal                = false                                     {product} {command line}
     bool BytecodeVerificationRemote               = false                                     {product} {command line}
     intx CICompilerCount                          = 4                                         {product} {ergonomic}
     uint ConcGCThreads                            = 3                                         {product} {ergonomic}
     uint G1ConcRefinementThreads                  = 10                                        {product} {ergonomic}
   size_t G1HeapRegionSize                         = 1048576                                   {product} {ergonomic}
    uintx GCDrainStackTargetSize                   = 64                                        {product} {ergonomic}
   size_t InitialHeapSize                          = 264241152                                 {product} {ergonomic}
     bool ManagementServer                         = true                                      {product} {command line}
   size_t MarkStackSize                            = 4194304                                   {product} {ergonomic}
   size_t MaxHeapSize                              = 4217372672                                {product} {ergonomic}
   size_t MaxNewSize                               = 2530213888                                {product} {ergonomic}
   size_t MinHeapDeltaBytes                        = 1048576                                   {product} {ergonomic}
    uintx NonNMethodCodeHeapSize                   = 7549744                                {pd product} {ergonomic}
    uintx NonProfiledCodeHeapSize                  = 244108496                              {pd product} {ergonomic}
    uintx ProfiledCodeHeapSize                     = 0                                      {pd product} {ergonomic}
    uintx ReservedCodeCacheSize                    = 251658240                              {pd product} {ergonomic}
     bool SegmentedCodeCache                       = true                                      {product} {ergonomic}
     intx TieredStopAtLevel                        = 1                                         {product} {command line}
     bool UseCompressedClassPointers               = true                                 {lp64_product} {ergonomic}
     bool UseCompressedOops                        = true                                 {lp64_product} {ergonomic}
     bool UseG1GC                                  = true                                      {product} {ergonomic}
     bool UseLargePagesIndividualAllocation        = false                                  {pd product} {ergonomic}

Logging:
Log output configuration:
 #0: stdout all=warning uptime,level,tags
 #1: stderr all=off uptime,level,tags

Environment Variables:
JAVA_HOME=C:\hiway4_toolkit\jdk-11.0.2
PATH=C:\Windows\system32;C:\Windows;C:\Windows\System32\Wbem;C:\Windows\System32\WindowsPowerShell\v1.0\;C:\Windows\System32\OpenSSH\;C:\Users\iljoo\AppData\Roaming\nvm;C:\nvm4w\nodejs;C:\Program Files\Bandizip\;C:\hiway4_toolkit\jdk-11.0.2\bin;C:\Program Files\Git\cmd;C:\Users\iljoo\AppData\Local\Microsoft\WindowsApps;C:\Users\iljoo\AppData\Local\Programs\Microsoft VS Code\bin;C:\Users\iljoo\AppData\Roaming\nvm;C:\nvm4w\nodejs
USERNAME=iljoo
OS=Windows_NT
PROCESSOR_IDENTIFIER=Intel64 Family 6 Model 154 Stepping 4, GenuineIntel



---------------  S Y S T E M  ---------------

OS: Windows 10 , 64 bit Build 22621 (10.0.22621.4391)

CPU:total 12 (initial active 12) (6 cores per cpu, 2 threads per core) family 6 model 154 stepping 4, cmov, cx8, fxsr, mmx, sse, sse2, sse3, ssse3, sse4.1, sse4.2, popcnt, avx, avx2, aes, clmul, erms, 3dnowpref, lzcnt, ht, tsc, tscinvbit, bmi1, bmi2, adx, sha, fma

Memory: 4k page, system-wide physical 16085M (6585M free)
TotalPageFile size 18517M (AvailPageFile size 6117M)
current process WorkingSet (physical memory assigned to process): 102M, peak: 102M
current process commit charge ("private bytes"): 363M, peak: 363M

vm_info: OpenJDK 64-Bit Server VM (11.0.2+9) for windows-amd64 JRE (11.0.2+9), built on Jan 18 2019 05:23:22 by "mach5one" with MS VC++ 15.5 (VS2017)

END.
