#
# A fatal error has been detected by the Java Runtime Environment:
#
#  EXCEPTION_ACCESS_VIOLATION (0xc0000005) at pc=0x00007ffc1a58f9b2, pid=6796, tid=5992
#
# JRE version: OpenJDK Runtime Environment (11.0.2+9) (build 11.0.2+9)
# Java VM: OpenJDK 64-Bit Server VM (11.0.2+9, mixed mode, tiered, compressed oops, g1 gc, windows-amd64)
# Problematic frame:
# C  [ntdll.dll+0x3f9b2]
#
# No core dump will be written. Minidumps are not enabled by default on client versions of Windows
#
# If you would like to submit a bug report, please visit:
#   http://bugreport.java.com/bugreport/crash.jsp
# The crash happened outside the Java Virtual Machine in native code.
# See problematic frame for where to report the bug.
#

---------------  S U M M A R Y ------------

Command Line: -Dcom.sun.management.jmxremote -Dcom.sun.management.jmxremote.port=50868 -Dcom.sun.management.jmxremote.authenticate=false -Dcom.sun.management.jmxremote.ssl=false -Djava.rmi.server.hostname=localhost -Dspring.application.admin.enabled=true -Xverify:none -XX:TieredStopAtLevel=1 -Dfile.encoding=UTF-8 com.SpringBoot.SpringBoot.Application --spring.output.ansi.enabled=always

Host: 12th Gen Intel(R) Core(TM) i5-1235U, 12 cores, 15G,  Windows 10 , 64 bit Build 22621 (10.0.22621.4391)
Time: Tue Feb  4 09:10:58 2025 대한민국 표준시 elapsed time: 0 seconds (0d 0h 0m 0s)

---------------  T H R E A D  ---------------

Current thread (0x00000218b1a00000):  JavaThread "main" [_thread_in_native, id=5992, stack(0x0000009a68700000,0x0000009a68800000)]

Stack: [0x0000009a68700000,0x0000009a68800000],  sp=0x0000009a687faa80,  free space=1002k
Native frames: (J=compiled Java code, j=interpreted, Vv=VM code, C=native code)
C  [ntdll.dll+0x3f9b2]
C  [ntdll.dll+0x3d249]
C  [ucrtbase.dll+0x11966]
C  [java.dll+0x18fc]

Java frames: (J=compiled Java code, j=interpreted, Vv=VM code)
j  java.lang.ClassLoader.defineClass1(Ljava/lang/ClassLoader;Ljava/lang/String;[BIILjava/security/ProtectionDomain;Ljava/lang/String;)Ljava/lang/Class;+0 java.base@11.0.2
j  java.lang.ClassLoader.defineClass(Ljava/lang/String;[BIILjava/security/ProtectionDomain;)Ljava/lang/Class;+27 java.base@11.0.2
j  java.security.SecureClassLoader.defineClass(Ljava/lang/String;[BIILjava/security/CodeSource;)Ljava/lang/Class;+12 java.base@11.0.2
j  jdk.internal.loader.BuiltinClassLoader.defineClass(Ljava/lang/String;Ljdk/internal/loader/Resource;)Ljava/lang/Class;+117 java.base@11.0.2
j  jdk.internal.loader.BuiltinClassLoader.findClassOnClassPathOrNull(Ljava/lang/String;)Ljava/lang/Class;+37 java.base@11.0.2
j  jdk.internal.loader.BuiltinClassLoader.loadClassOrNull(Ljava/lang/String;Z)Ljava/lang/Class;+111 java.base@11.0.2
j  jdk.internal.loader.BuiltinClassLoader.loadClass(Ljava/lang/String;Z)Ljava/lang/Class;+3 java.base@11.0.2
j  jdk.internal.loader.ClassLoaders$AppClassLoader.loadClass(Ljava/lang/String;Z)Ljava/lang/Class;+36 java.base@11.0.2
j  java.lang.ClassLoader.loadClass(Ljava/lang/String;)Ljava/lang/Class;+3 java.base@11.0.2
v  ~StubRoutines::call_stub
j  org.apache.logging.log4j.spi.AbstractLogger.<clinit>()V+2
v  ~StubRoutines::call_stub
j  org.apache.logging.log4j.LogManager.<clinit>()V+0
v  ~StubRoutines::call_stub
j  org.apache.commons.logging.LogAdapter$Log4jLog.<clinit>()V+14
v  ~StubRoutines::call_stub
j  org.apache.commons.logging.LogAdapter$Log4jAdapter.createLog(Ljava/lang/String;)Lorg/apache/commons/logging/Log;+0
j  org.apache.commons.logging.LogAdapter.createLog(Ljava/lang/String;)Lorg/apache/commons/logging/Log;+37
j  org.apache.commons.logging.LogFactoryService.getInstance(Ljava/lang/String;)Lorg/apache/commons/logging/Log;+1
j  org.apache.commons.logging.LogFactoryService.getInstance(Ljava/lang/Class;)Lorg/apache/commons/logging/Log;+5
j  org.apache.commons.logging.LogFactory.getLog(Ljava/lang/Class;)Lorg/apache/commons/logging/Log;+4
j  org.springframework.boot.SpringApplication.<clinit>()V+2
v  ~StubRoutines::call_stub
j  com.SpringBoot.SpringBoot.Application.main([Ljava/lang/String;)V+3
v  ~StubRoutines::call_stub

siginfo: EXCEPTION_ACCESS_VIOLATION (0xc0000005), reading address 0x00000007ffffffff


Register to memory mapping:

RIP=0x00007ffc1a58f9b2 ntdll.dll
RAX=0x0000000000000005 is an unknown value
RBX=0x00000218af770000 points into unknown readable memory: 00 00 00 00 00 00 00 00
RCX=0x0000000000000014 is an unknown value
RDX=0x00007ffc1a68d0a0 ntdll.dll
RSP=0x0000009a687faa80 is pointing into the stack for thread: 0x00000218b1a00000
RBP=0x0000009a687fad79 is pointing into the stack for thread: 0x00000218b1a00000
RSI=0x00000218d6d45d70 points into unknown readable memory: 00 00 0d 00 00 00 34 00
RDI=0x0000000000000014 is an unknown value
R8 =0x0000000800000007 is pointing into metadata
R9 =0x00000218af770320 points into unknown readable memory: fc 6f f9 86 00 00 00 00
R10=0x0000000000000003 is an unknown value
R11=0x0000009a687faa10 is pointing into the stack for thread: 0x00000218b1a00000
R12=0x0 is NULL
R13=0x0 is NULL
R14=0x00000218d6d468a0 points into unknown readable memory: 00 00 2e 00 01 00 01 00
R15=0x00000218af770150 points into unknown readable memory: d0 6f c9 d6 18 02 00 00


Registers:
RAX=0x0000000000000005, RBX=0x00000218af770000, RCX=0x0000000000000014, RDX=0x00007ffc1a68d0a0
RSP=0x0000009a687faa80, RBP=0x0000009a687fad79, RSI=0x00000218d6d45d70, RDI=0x0000000000000014
R8 =0x0000000800000007, R9 =0x00000218af770320, R10=0x0000000000000003, R11=0x0000009a687faa10
R12=0x0000000000000000, R13=0x0000000000000000, R14=0x00000218d6d468a0, R15=0x00000218af770150
RIP=0x00007ffc1a58f9b2, EFLAGS=0x0000000000010206

Top of Stack: (sp=0x0000009a687faa80)
0x0000009a687faa80:   00000218af770000 00000218d6d45d70
0x0000009a687faa90:   00000218d6d45d70 00000218af772f70
0x0000009a687faaa0:   00000000000000c7 00000000000000c7
0x0000009a687faab0:   0000000100000001 00000218d6d45d7a
0x0000009a687faac0:   0000000000003f00 0000000000000000
0x0000009a687faad0:   0000000000000000 0000000000000000
0x0000009a687faae0:   0000000000000005 00000000000000b3
0x0000009a687faaf0:   0000004700000000 0000000000000000
0x0000009a687fab00:   0000000000000000 0000000000000000
0x0000009a687fab10:   00000218d6d45d70 00007ffc1a58d69a
0x0000009a687fab20:   0000000000110012 00000000000000c0
0x0000009a687fab30:   00000218d6d4ec40 00000218d6d45d70
0x0000009a687fab40:   00000000000000b3 0000000000000000
0x0000009a687fab50:   0000000000000000 00000218af772fb0
0x0000009a687fab60:   00000218af770150 0000000000000000
0x0000009a687fab70:   00000218af6a02d0 00000218d6960000 

Instructions: (pc=0x00007ffc1a58f9b2)
0x00007ffc1a58f992:   9c fc ff ff 84 d2 0f 85 43 01 00 00 48 c1 e9 08
0x00007ffc1a58f9a2:   0f b6 c1 42 0f b6 0c 10 83 c1 08 e9 a5 fa ff ff
0x00007ffc1a58f9b2:   41 8b 40 f8 89 84 24 e0 01 00 00 85 43 7c 0f 84
0x00007ffc1a58f9c2:   6e fd ff ff 33 83 88 00 00 00 89 84 24 e0 01 00 


Stack slot to memory mapping:
stack at sp + 0 slots: 0x00000218af770000 points into unknown readable memory: 00 00 00 00 00 00 00 00
stack at sp + 1 slots: 0x00000218d6d45d70 points into unknown readable memory: 00 00 0d 00 00 00 34 00
stack at sp + 2 slots: 0x00000218d6d45d70 points into unknown readable memory: 00 00 0d 00 00 00 34 00
stack at sp + 3 slots: 0x00000218af772f70 points into unknown readable memory: 00 00 00 00 00 00 00 00
stack at sp + 4 slots: 0x00000000000000c7 is an unknown value
stack at sp + 5 slots: 0x00000000000000c7 is an unknown value
stack at sp + 6 slots: 0x0000000100000001 is an unknown value
stack at sp + 7 slots: 0x00000218d6d45d7a points into unknown readable memory: 01 00 0f e7 3f 10


---------------  P R O C E S S  ---------------

Threads class SMR info:
_java_thread_list=0x00000218d6cffdd0, length=13, elements={
0x00000218b1a00000, 0x00000218d5e05000, 0x00000218d5e11000, 0x00000218d5e79000,
0x00000218d5e7a000, 0x00000218d5e7c000, 0x00000218d5e7f000, 0x00000218d5de0800,
0x00000218d60a4800, 0x00000218d60b7800, 0x00000218d6c4f800, 0x00000218d6c4d800,
0x00000218d6c20000
}

Java Threads: ( => current thread )
=>0x00000218b1a00000 JavaThread "main" [_thread_in_native, id=5992, stack(0x0000009a68700000,0x0000009a68800000)]
  0x00000218d5e05000 JavaThread "Reference Handler" daemon [_thread_blocked, id=12104, stack(0x0000009a68e00000,0x0000009a68f00000)]
  0x00000218d5e11000 JavaThread "Finalizer" daemon [_thread_blocked, id=7856, stack(0x0000009a68f00000,0x0000009a69000000)]
  0x00000218d5e79000 JavaThread "Signal Dispatcher" daemon [_thread_blocked, id=17380, stack(0x0000009a69000000,0x0000009a69100000)]
  0x00000218d5e7a000 JavaThread "Attach Listener" daemon [_thread_blocked, id=8492, stack(0x0000009a69100000,0x0000009a69200000)]
  0x00000218d5e7c000 JavaThread "C1 CompilerThread0" daemon [_thread_blocked, id=6204, stack(0x0000009a69200000,0x0000009a69300000)]
  0x00000218d5e7f000 JavaThread "Sweeper thread" daemon [_thread_blocked, id=5136, stack(0x0000009a69300000,0x0000009a69400000)]
  0x00000218d5de0800 JavaThread "Common-Cleaner" daemon [_thread_blocked, id=5748, stack(0x0000009a69400000,0x0000009a69500000)]
  0x00000218d60a4800 JavaThread "C1 CompilerThread1" daemon [_thread_blocked, id=15488, stack(0x0000009a69500000,0x0000009a69600000)]
  0x00000218d60b7800 JavaThread "Service Thread" daemon [_thread_blocked, id=15712, stack(0x0000009a69600000,0x0000009a69700000)]
  0x00000218d6c4f800 JavaThread "RMI TCP Accept-0" daemon [_thread_in_native, id=7156, stack(0x0000009a69c00000,0x0000009a69d00000)]
  0x00000218d6c4d800 JavaThread "RMI TCP Accept-50868" daemon [_thread_in_native, id=17404, stack(0x0000009a69d00000,0x0000009a69e00000)]
  0x00000218d6c20000 JavaThread "RMI TCP Accept-0" daemon [_thread_in_native, id=17104, stack(0x0000009a69e00000,0x0000009a69f00000)]

Other Threads:
  0x00000218d555c800 VMThread "VM Thread" [stack: 0x0000009a68d00000,0x0000009a68e00000] [id=8568]
  0x00000218d6ca1800 WatcherThread [stack: 0x0000009a69f00000,0x0000009a6a000000] [id=8712]
  0x00000218b1a19800 GCTaskThread "GC Thread#0" [stack: 0x0000009a68800000,0x0000009a68900000] [id=792]
  0x00000218d6c40800 GCTaskThread "GC Thread#1" [stack: 0x0000009a69700000,0x0000009a69800000] [id=6808]
  0x00000218d6c41000 GCTaskThread "GC Thread#2" [stack: 0x0000009a69800000,0x0000009a69900000] [id=9152]
  0x00000218d6c42000 GCTaskThread "GC Thread#3" [stack: 0x0000009a69900000,0x0000009a69a00000] [id=11972]
  0x00000218d6c42800 GCTaskThread "GC Thread#4" [stack: 0x0000009a69a00000,0x0000009a69b00000] [id=11864]
  0x00000218d6c47800 GCTaskThread "GC Thread#5" [stack: 0x0000009a69b00000,0x0000009a69c00000] [id=5276]
  0x00000218b1a75000 ConcurrentGCThread "G1 Main Marker" [stack: 0x0000009a68900000,0x0000009a68a00000] [id=2448]
  0x00000218b1a76800 ConcurrentGCThread "G1 Conc#0" [stack: 0x0000009a68a00000,0x0000009a68b00000] [id=15596]
  0x00000218d5444800 ConcurrentGCThread "G1 Refine#0" [stack: 0x0000009a68b00000,0x0000009a68c00000] [id=12136]
  0x00000218d5445800 ConcurrentGCThread "G1 Young RemSet Sampling" [stack: 0x0000009a68c00000,0x0000009a68d00000] [id=15720]

Threads with active compile tasks:

VM state:not at safepoint (normal execution)

VM Mutex/Monitor currently owned by a thread: None

Heap address: 0x0000000704a00000, size: 4022 MB, Compressed Oops mode: Zero based, Oop shift amount: 3
Narrow klass base: 0x0000000800000000, Narrow klass shift: 0
Compressed class space size: 1073741824 Address: 0x0000000800000000

Heap:
 garbage-first heap   total 258048K, used 19693K [0x0000000704a00000, 0x0000000800000000)
  region size 1024K, 8 young (8192K), 3 survivors (3072K)
 Metaspace       used 12501K, capacity 12845K, committed 13056K, reserved 1060864K
  class space    used 1307K, capacity 1435K, committed 1536K, reserved 1048576K
Heap Regions: E=young(eden), S=young(survivor), O=old, HS=humongous(starts), HC=humongous(continues), CS=collection set, F=free, A=archive, TAMS=top-at-mark-start (previous, next)
|   0|0x0000000704a00000, 0x0000000704b00000, 0x0000000704b00000|100%|HS|  |TAMS 0x0000000704a00000, 0x0000000704a00000| Complete 
|   1|0x0000000704b00000, 0x0000000704c00000, 0x0000000704c00000|100%|HS|  |TAMS 0x0000000704b00000, 0x0000000704b00000| Complete 
|   2|0x0000000704c00000, 0x0000000704d00000, 0x0000000704d00000|100%|HS|  |TAMS 0x0000000704c00000, 0x0000000704c00000| Complete 
|   3|0x0000000704d00000, 0x0000000704e00000, 0x0000000704e00000|100%| O|  |TAMS 0x0000000704d00000, 0x0000000704d00000| Untracked 
|   4|0x0000000704e00000, 0x0000000704f00000, 0x0000000704f00000|100%| O|  |TAMS 0x0000000704e00000, 0x0000000704e00000| Untracked 
|   5|0x0000000704f00000, 0x0000000705000000, 0x0000000705000000|100%| O|  |TAMS 0x0000000704f00000, 0x0000000704f00000| Untracked 
|   6|0x0000000705000000, 0x0000000705100000, 0x0000000705100000|100%| O|  |TAMS 0x0000000705000000, 0x0000000705000000| Untracked 
|   7|0x0000000705100000, 0x0000000705200000, 0x0000000705200000|100%| O|  |TAMS 0x0000000705100000, 0x0000000705100000| Untracked 
|   8|0x0000000705200000, 0x0000000705300000, 0x0000000705300000|100%| O|  |TAMS 0x0000000705200000, 0x0000000705200000| Untracked 
|   9|0x0000000705300000, 0x0000000705400000, 0x0000000705400000|100%| O|  |TAMS 0x0000000705300000, 0x0000000705300000| Untracked 
|  10|0x0000000705400000, 0x0000000705500000, 0x0000000705500000|100%| O|  |TAMS 0x0000000705400000, 0x0000000705400000| Untracked 
|  11|0x0000000705500000, 0x0000000705600000, 0x0000000705600000|100%| O|  |TAMS 0x0000000705500000, 0x0000000705500000| Untracked 
|  12|0x0000000705600000, 0x000000070563b600, 0x0000000705700000| 23%| O|  |TAMS 0x0000000705600000, 0x0000000705600000| Untracked 
|  13|0x0000000705700000, 0x0000000705700000, 0x0000000705800000|  0%| F|  |TAMS 0x0000000705700000, 0x0000000705700000| Untracked 
|  14|0x0000000705800000, 0x0000000705800000, 0x0000000705900000|  0%| F|  |TAMS 0x0000000705800000, 0x0000000705800000| Untracked 
|  15|0x0000000705900000, 0x0000000705900000, 0x0000000705a00000|  0%| F|  |TAMS 0x0000000705900000, 0x0000000705900000| Untracked 
|  16|0x0000000705a00000, 0x0000000705a00000, 0x0000000705b00000|  0%| F|  |TAMS 0x0000000705a00000, 0x0000000705a00000| Untracked 
|  17|0x0000000705b00000, 0x0000000705b00000, 0x0000000705c00000|  0%| F|  |TAMS 0x0000000705b00000, 0x0000000705b00000| Untracked 
|  18|0x0000000705c00000, 0x0000000705c00000, 0x0000000705d00000|  0%| F|  |TAMS 0x0000000705c00000, 0x0000000705c00000| Untracked 
|  19|0x0000000705d00000, 0x0000000705d00000, 0x0000000705e00000|  0%| F|  |TAMS 0x0000000705d00000, 0x0000000705d00000| Untracked 
|  20|0x0000000705e00000, 0x0000000705e00000, 0x0000000705f00000|  0%| F|  |TAMS 0x0000000705e00000, 0x0000000705e00000| Untracked 
|  21|0x0000000705f00000, 0x0000000705f00000, 0x0000000706000000|  0%| F|  |TAMS 0x0000000705f00000, 0x0000000705f00000| Untracked 
|  22|0x0000000706000000, 0x0000000706000000, 0x0000000706100000|  0%| F|  |TAMS 0x0000000706000000, 0x0000000706000000| Untracked 
|  23|0x0000000706100000, 0x0000000706100000, 0x0000000706200000|  0%| F|  |TAMS 0x0000000706100000, 0x0000000706100000| Untracked 
|  24|0x0000000706200000, 0x0000000706200000, 0x0000000706300000|  0%| F|  |TAMS 0x0000000706200000, 0x0000000706200000| Untracked 
|  25|0x0000000706300000, 0x0000000706300000, 0x0000000706400000|  0%| F|  |TAMS 0x0000000706300000, 0x0000000706300000| Untracked 
|  26|0x0000000706400000, 0x0000000706400000, 0x0000000706500000|  0%| F|  |TAMS 0x0000000706400000, 0x0000000706400000| Untracked 
|  27|0x0000000706500000, 0x0000000706500000, 0x0000000706600000|  0%| F|  |TAMS 0x0000000706500000, 0x0000000706500000| Untracked 
|  28|0x0000000706600000, 0x0000000706600000, 0x0000000706700000|  0%| F|  |TAMS 0x0000000706600000, 0x0000000706600000| Untracked 
|  29|0x0000000706700000, 0x0000000706700000, 0x0000000706800000|  0%| F|  |TAMS 0x0000000706700000, 0x0000000706700000| Untracked 
|  30|0x0000000706800000, 0x0000000706800000, 0x0000000706900000|  0%| F|  |TAMS 0x0000000706800000, 0x0000000706800000| Untracked 
|  31|0x0000000706900000, 0x0000000706900000, 0x0000000706a00000|  0%| F|  |TAMS 0x0000000706900000, 0x0000000706900000| Untracked 
|  32|0x0000000706a00000, 0x0000000706a00000, 0x0000000706b00000|  0%| F|  |TAMS 0x0000000706a00000, 0x0000000706a00000| Untracked 
|  33|0x0000000706b00000, 0x0000000706b00000, 0x0000000706c00000|  0%| F|  |TAMS 0x0000000706b00000, 0x0000000706b00000| Untracked 
|  34|0x0000000706c00000, 0x0000000706c00000, 0x0000000706d00000|  0%| F|  |TAMS 0x0000000706c00000, 0x0000000706c00000| Untracked 
|  35|0x0000000706d00000, 0x0000000706d00000, 0x0000000706e00000|  0%| F|  |TAMS 0x0000000706d00000, 0x0000000706d00000| Untracked 
|  36|0x0000000706e00000, 0x0000000706e00000, 0x0000000706f00000|  0%| F|  |TAMS 0x0000000706e00000, 0x0000000706e00000| Untracked 
|  37|0x0000000706f00000, 0x0000000706f00000, 0x0000000707000000|  0%| F|  |TAMS 0x0000000706f00000, 0x0000000706f00000| Untracked 
|  38|0x0000000707000000, 0x0000000707000000, 0x0000000707100000|  0%| F|  |TAMS 0x0000000707000000, 0x0000000707000000| Untracked 
|  39|0x0000000707100000, 0x0000000707100000, 0x0000000707200000|  0%| F|  |TAMS 0x0000000707100000, 0x0000000707100000| Untracked 
|  40|0x0000000707200000, 0x0000000707200000, 0x0000000707300000|  0%| F|  |TAMS 0x0000000707200000, 0x0000000707200000| Untracked 
|  41|0x0000000707300000, 0x0000000707300000, 0x0000000707400000|  0%| F|  |TAMS 0x0000000707300000, 0x0000000707300000| Untracked 
|  42|0x0000000707400000, 0x0000000707400000, 0x0000000707500000|  0%| F|  |TAMS 0x0000000707400000, 0x0000000707400000| Untracked 
|  43|0x0000000707500000, 0x0000000707500000, 0x0000000707600000|  0%| F|  |TAMS 0x0000000707500000, 0x0000000707500000| Untracked 
|  44|0x0000000707600000, 0x0000000707600000, 0x0000000707700000|  0%| F|  |TAMS 0x0000000707600000, 0x0000000707600000| Untracked 
|  45|0x0000000707700000, 0x0000000707700000, 0x0000000707800000|  0%| F|  |TAMS 0x0000000707700000, 0x0000000707700000| Untracked 
|  46|0x0000000707800000, 0x0000000707800000, 0x0000000707900000|  0%| F|  |TAMS 0x0000000707800000, 0x0000000707800000| Untracked 
|  47|0x0000000707900000, 0x0000000707900000, 0x0000000707a00000|  0%| F|  |TAMS 0x0000000707900000, 0x0000000707900000| Untracked 
|  48|0x0000000707a00000, 0x0000000707a00000, 0x0000000707b00000|  0%| F|  |TAMS 0x0000000707a00000, 0x0000000707a00000| Untracked 
|  49|0x0000000707b00000, 0x0000000707b00000, 0x0000000707c00000|  0%| F|  |TAMS 0x0000000707b00000, 0x0000000707b00000| Untracked 
|  50|0x0000000707c00000, 0x0000000707c00000, 0x0000000707d00000|  0%| F|  |TAMS 0x0000000707c00000, 0x0000000707c00000| Untracked 
|  51|0x0000000707d00000, 0x0000000707d00000, 0x0000000707e00000|  0%| F|  |TAMS 0x0000000707d00000, 0x0000000707d00000| Untracked 
|  52|0x0000000707e00000, 0x0000000707e00000, 0x0000000707f00000|  0%| F|  |TAMS 0x0000000707e00000, 0x0000000707e00000| Untracked 
|  53|0x0000000707f00000, 0x0000000707f00000, 0x0000000708000000|  0%| F|  |TAMS 0x0000000707f00000, 0x0000000707f00000| Untracked 
|  54|0x0000000708000000, 0x0000000708000000, 0x0000000708100000|  0%| F|  |TAMS 0x0000000708000000, 0x0000000708000000| Untracked 
|  55|0x0000000708100000, 0x0000000708100000, 0x0000000708200000|  0%| F|  |TAMS 0x0000000708100000, 0x0000000708100000| Untracked 
|  56|0x0000000708200000, 0x0000000708200000, 0x0000000708300000|  0%| F|  |TAMS 0x0000000708200000, 0x0000000708200000| Untracked 
|  57|0x0000000708300000, 0x0000000708300000, 0x0000000708400000|  0%| F|  |TAMS 0x0000000708300000, 0x0000000708300000| Untracked 
|  58|0x0000000708400000, 0x0000000708400000, 0x0000000708500000|  0%| F|  |TAMS 0x0000000708400000, 0x0000000708400000| Untracked 
|  59|0x0000000708500000, 0x0000000708500000, 0x0000000708600000|  0%| F|  |TAMS 0x0000000708500000, 0x0000000708500000| Untracked 
|  60|0x0000000708600000, 0x0000000708600000, 0x0000000708700000|  0%| F|  |TAMS 0x0000000708600000, 0x0000000708600000| Untracked 
|  61|0x0000000708700000, 0x0000000708700000, 0x0000000708800000|  0%| F|  |TAMS 0x0000000708700000, 0x0000000708700000| Untracked 
|  62|0x0000000708800000, 0x0000000708800000, 0x0000000708900000|  0%| F|  |TAMS 0x0000000708800000, 0x0000000708800000| Untracked 
|  63|0x0000000708900000, 0x0000000708900000, 0x0000000708a00000|  0%| F|  |TAMS 0x0000000708900000, 0x0000000708900000| Untracked 
|  64|0x0000000708a00000, 0x0000000708a00000, 0x0000000708b00000|  0%| F|  |TAMS 0x0000000708a00000, 0x0000000708a00000| Untracked 
|  65|0x0000000708b00000, 0x0000000708b00000, 0x0000000708c00000|  0%| F|  |TAMS 0x0000000708b00000, 0x0000000708b00000| Untracked 
|  66|0x0000000708c00000, 0x0000000708c00000, 0x0000000708d00000|  0%| F|  |TAMS 0x0000000708c00000, 0x0000000708c00000| Untracked 
|  67|0x0000000708d00000, 0x0000000708d00000, 0x0000000708e00000|  0%| F|  |TAMS 0x0000000708d00000, 0x0000000708d00000| Untracked 
|  68|0x0000000708e00000, 0x0000000708e00000, 0x0000000708f00000|  0%| F|  |TAMS 0x0000000708e00000, 0x0000000708e00000| Untracked 
|  69|0x0000000708f00000, 0x0000000708f00000, 0x0000000709000000|  0%| F|  |TAMS 0x0000000708f00000, 0x0000000708f00000| Untracked 
|  70|0x0000000709000000, 0x0000000709000000, 0x0000000709100000|  0%| F|  |TAMS 0x0000000709000000, 0x0000000709000000| Untracked 
|  71|0x0000000709100000, 0x0000000709100000, 0x0000000709200000|  0%| F|  |TAMS 0x0000000709100000, 0x0000000709100000| Untracked 
|  72|0x0000000709200000, 0x0000000709200000, 0x0000000709300000|  0%| F|  |TAMS 0x0000000709200000, 0x0000000709200000| Untracked 
|  73|0x0000000709300000, 0x0000000709300000, 0x0000000709400000|  0%| F|  |TAMS 0x0000000709300000, 0x0000000709300000| Untracked 
|  74|0x0000000709400000, 0x0000000709400000, 0x0000000709500000|  0%| F|  |TAMS 0x0000000709400000, 0x0000000709400000| Untracked 
|  75|0x0000000709500000, 0x0000000709500000, 0x0000000709600000|  0%| F|  |TAMS 0x0000000709500000, 0x0000000709500000| Untracked 
|  76|0x0000000709600000, 0x0000000709600000, 0x0000000709700000|  0%| F|  |TAMS 0x0000000709600000, 0x0000000709600000| Untracked 
|  77|0x0000000709700000, 0x0000000709700000, 0x0000000709800000|  0%| F|  |TAMS 0x0000000709700000, 0x0000000709700000| Untracked 
|  78|0x0000000709800000, 0x0000000709800000, 0x0000000709900000|  0%| F|  |TAMS 0x0000000709800000, 0x0000000709800000| Untracked 
|  79|0x0000000709900000, 0x0000000709900000, 0x0000000709a00000|  0%| F|  |TAMS 0x0000000709900000, 0x0000000709900000| Untracked 
|  80|0x0000000709a00000, 0x0000000709a00000, 0x0000000709b00000|  0%| F|  |TAMS 0x0000000709a00000, 0x0000000709a00000| Untracked 
|  81|0x0000000709b00000, 0x0000000709b00000, 0x0000000709c00000|  0%| F|  |TAMS 0x0000000709b00000, 0x0000000709b00000| Untracked 
|  82|0x0000000709c00000, 0x0000000709c00000, 0x0000000709d00000|  0%| F|  |TAMS 0x0000000709c00000, 0x0000000709c00000| Untracked 
|  83|0x0000000709d00000, 0x0000000709d00000, 0x0000000709e00000|  0%| F|  |TAMS 0x0000000709d00000, 0x0000000709d00000| Untracked 
|  84|0x0000000709e00000, 0x0000000709e00000, 0x0000000709f00000|  0%| F|  |TAMS 0x0000000709e00000, 0x0000000709e00000| Untracked 
|  85|0x0000000709f00000, 0x0000000709f00000, 0x000000070a000000|  0%| F|  |TAMS 0x0000000709f00000, 0x0000000709f00000| Untracked 
|  86|0x000000070a000000, 0x000000070a000000, 0x000000070a100000|  0%| F|  |TAMS 0x000000070a000000, 0x000000070a000000| Untracked 
|  87|0x000000070a100000, 0x000000070a100000, 0x000000070a200000|  0%| F|  |TAMS 0x000000070a100000, 0x000000070a100000| Untracked 
|  88|0x000000070a200000, 0x000000070a200000, 0x000000070a300000|  0%| F|  |TAMS 0x000000070a200000, 0x000000070a200000| Untracked 
|  89|0x000000070a300000, 0x000000070a300000, 0x000000070a400000|  0%| F|  |TAMS 0x000000070a300000, 0x000000070a300000| Untracked 
|  90|0x000000070a400000, 0x000000070a400000, 0x000000070a500000|  0%| F|  |TAMS 0x000000070a400000, 0x000000070a400000| Untracked 
|  91|0x000000070a500000, 0x000000070a500000, 0x000000070a600000|  0%| F|  |TAMS 0x000000070a500000, 0x000000070a500000| Untracked 
|  92|0x000000070a600000, 0x000000070a600000, 0x000000070a700000|  0%| F|  |TAMS 0x000000070a600000, 0x000000070a600000| Untracked 
|  93|0x000000070a700000, 0x000000070a700000, 0x000000070a800000|  0%| F|  |TAMS 0x000000070a700000, 0x000000070a700000| Untracked 
|  94|0x000000070a800000, 0x000000070a800000, 0x000000070a900000|  0%| F|  |TAMS 0x000000070a800000, 0x000000070a800000| Untracked 
|  95|0x000000070a900000, 0x000000070a900000, 0x000000070aa00000|  0%| F|  |TAMS 0x000000070a900000, 0x000000070a900000| Untracked 
|  96|0x000000070aa00000, 0x000000070aa00000, 0x000000070ab00000|  0%| F|  |TAMS 0x000000070aa00000, 0x000000070aa00000| Untracked 
|  97|0x000000070ab00000, 0x000000070ab00000, 0x000000070ac00000|  0%| F|  |TAMS 0x000000070ab00000, 0x000000070ab00000| Untracked 
|  98|0x000000070ac00000, 0x000000070ac00000, 0x000000070ad00000|  0%| F|  |TAMS 0x000000070ac00000, 0x000000070ac00000| Untracked 
|  99|0x000000070ad00000, 0x000000070ad00000, 0x000000070ae00000|  0%| F|  |TAMS 0x000000070ad00000, 0x000000070ad00000| Untracked 
| 100|0x000000070ae00000, 0x000000070ae00000, 0x000000070af00000|  0%| F|  |TAMS 0x000000070ae00000, 0x000000070ae00000| Untracked 
| 101|0x000000070af00000, 0x000000070af00000, 0x000000070b000000|  0%| F|  |TAMS 0x000000070af00000, 0x000000070af00000| Untracked 
| 102|0x000000070b000000, 0x000000070b000000, 0x000000070b100000|  0%| F|  |TAMS 0x000000070b000000, 0x000000070b000000| Untracked 
| 103|0x000000070b100000, 0x000000070b100000, 0x000000070b200000|  0%| F|  |TAMS 0x000000070b100000, 0x000000070b100000| Untracked 
| 104|0x000000070b200000, 0x000000070b200000, 0x000000070b300000|  0%| F|  |TAMS 0x000000070b200000, 0x000000070b200000| Untracked 
| 105|0x000000070b300000, 0x000000070b300000, 0x000000070b400000|  0%| F|  |TAMS 0x000000070b300000, 0x000000070b300000| Untracked 
| 106|0x000000070b400000, 0x000000070b400000, 0x000000070b500000|  0%| F|  |TAMS 0x000000070b400000, 0x000000070b400000| Untracked 
| 107|0x000000070b500000, 0x000000070b500000, 0x000000070b600000|  0%| F|  |TAMS 0x000000070b500000, 0x000000070b500000| Untracked 
| 108|0x000000070b600000, 0x000000070b600000, 0x000000070b700000|  0%| F|  |TAMS 0x000000070b600000, 0x000000070b600000| Untracked 
| 109|0x000000070b700000, 0x000000070b700000, 0x000000070b800000|  0%| F|  |TAMS 0x000000070b700000, 0x000000070b700000| Untracked 
| 110|0x000000070b800000, 0x000000070b800000, 0x000000070b900000|  0%| F|  |TAMS 0x000000070b800000, 0x000000070b800000| Untracked 
| 111|0x000000070b900000, 0x000000070b900000, 0x000000070ba00000|  0%| F|  |TAMS 0x000000070b900000, 0x000000070b900000| Untracked 
| 112|0x000000070ba00000, 0x000000070ba00000, 0x000000070bb00000|  0%| F|  |TAMS 0x000000070ba00000, 0x000000070ba00000| Untracked 
| 113|0x000000070bb00000, 0x000000070bb00000, 0x000000070bc00000|  0%| F|  |TAMS 0x000000070bb00000, 0x000000070bb00000| Untracked 
| 114|0x000000070bc00000, 0x000000070bc00000, 0x000000070bd00000|  0%| F|  |TAMS 0x000000070bc00000, 0x000000070bc00000| Untracked 
| 115|0x000000070bd00000, 0x000000070bd00000, 0x000000070be00000|  0%| F|  |TAMS 0x000000070bd00000, 0x000000070bd00000| Untracked 
| 116|0x000000070be00000, 0x000000070be00000, 0x000000070bf00000|  0%| F|  |TAMS 0x000000070be00000, 0x000000070be00000| Untracked 
| 117|0x000000070bf00000, 0x000000070bf00000, 0x000000070c000000|  0%| F|  |TAMS 0x000000070bf00000, 0x000000070bf00000| Untracked 
| 118|0x000000070c000000, 0x000000070c000000, 0x000000070c100000|  0%| F|  |TAMS 0x000000070c000000, 0x000000070c000000| Untracked 
| 119|0x000000070c100000, 0x000000070c100000, 0x000000070c200000|  0%| F|  |TAMS 0x000000070c100000, 0x000000070c100000| Untracked 
| 120|0x000000070c200000, 0x000000070c200000, 0x000000070c300000|  0%| F|  |TAMS 0x000000070c200000, 0x000000070c200000| Untracked 
| 121|0x000000070c300000, 0x000000070c300000, 0x000000070c400000|  0%| F|  |TAMS 0x000000070c300000, 0x000000070c300000| Untracked 
| 122|0x000000070c400000, 0x000000070c400000, 0x000000070c500000|  0%| F|  |TAMS 0x000000070c400000, 0x000000070c400000| Untracked 
| 123|0x000000070c500000, 0x000000070c500000, 0x000000070c600000|  0%| F|  |TAMS 0x000000070c500000, 0x000000070c500000| Untracked 
| 124|0x000000070c600000, 0x000000070c600000, 0x000000070c700000|  0%| F|  |TAMS 0x000000070c600000, 0x000000070c600000| Untracked 
| 125|0x000000070c700000, 0x000000070c700000, 0x000000070c800000|  0%| F|  |TAMS 0x000000070c700000, 0x000000070c700000| Untracked 
| 126|0x000000070c800000, 0x000000070c800000, 0x000000070c900000|  0%| F|  |TAMS 0x000000070c800000, 0x000000070c800000| Untracked 
| 127|0x000000070c900000, 0x000000070c900000, 0x000000070ca00000|  0%| F|  |TAMS 0x000000070c900000, 0x000000070c900000| Untracked 
| 128|0x000000070ca00000, 0x000000070ca00000, 0x000000070cb00000|  0%| F|  |TAMS 0x000000070ca00000, 0x000000070ca00000| Untracked 
| 129|0x000000070cb00000, 0x000000070cb00000, 0x000000070cc00000|  0%| F|  |TAMS 0x000000070cb00000, 0x000000070cb00000| Untracked 
| 130|0x000000070cc00000, 0x000000070cc00000, 0x000000070cd00000|  0%| F|  |TAMS 0x000000070cc00000, 0x000000070cc00000| Untracked 
| 131|0x000000070cd00000, 0x000000070cd00000, 0x000000070ce00000|  0%| F|  |TAMS 0x000000070cd00000, 0x000000070cd00000| Untracked 
| 132|0x000000070ce00000, 0x000000070ce00000, 0x000000070cf00000|  0%| F|  |TAMS 0x000000070ce00000, 0x000000070ce00000| Untracked 
| 133|0x000000070cf00000, 0x000000070cf00000, 0x000000070d000000|  0%| F|  |TAMS 0x000000070cf00000, 0x000000070cf00000| Untracked 
| 134|0x000000070d000000, 0x000000070d000000, 0x000000070d100000|  0%| F|  |TAMS 0x000000070d000000, 0x000000070d000000| Untracked 
| 135|0x000000070d100000, 0x000000070d100000, 0x000000070d200000|  0%| F|  |TAMS 0x000000070d100000, 0x000000070d100000| Untracked 
| 136|0x000000070d200000, 0x000000070d200000, 0x000000070d300000|  0%| F|  |TAMS 0x000000070d200000, 0x000000070d200000| Untracked 
| 137|0x000000070d300000, 0x000000070d300000, 0x000000070d400000|  0%| F|  |TAMS 0x000000070d300000, 0x000000070d300000| Untracked 
| 138|0x000000070d400000, 0x000000070d400000, 0x000000070d500000|  0%| F|  |TAMS 0x000000070d400000, 0x000000070d400000| Untracked 
| 139|0x000000070d500000, 0x000000070d500000, 0x000000070d600000|  0%| F|  |TAMS 0x000000070d500000, 0x000000070d500000| Untracked 
| 140|0x000000070d600000, 0x000000070d600000, 0x000000070d700000|  0%| F|  |TAMS 0x000000070d600000, 0x000000070d600000| Untracked 
| 141|0x000000070d700000, 0x000000070d700000, 0x000000070d800000|  0%| F|  |TAMS 0x000000070d700000, 0x000000070d700000| Untracked 
| 142|0x000000070d800000, 0x000000070d800000, 0x000000070d900000|  0%| F|  |TAMS 0x000000070d800000, 0x000000070d800000| Untracked 
| 143|0x000000070d900000, 0x000000070d900000, 0x000000070da00000|  0%| F|  |TAMS 0x000000070d900000, 0x000000070d900000| Untracked 
| 144|0x000000070da00000, 0x000000070da00000, 0x000000070db00000|  0%| F|  |TAMS 0x000000070da00000, 0x000000070da00000| Untracked 
| 145|0x000000070db00000, 0x000000070db00000, 0x000000070dc00000|  0%| F|  |TAMS 0x000000070db00000, 0x000000070db00000| Untracked 
| 146|0x000000070dc00000, 0x000000070dc00000, 0x000000070dd00000|  0%| F|  |TAMS 0x000000070dc00000, 0x000000070dc00000| Untracked 
| 147|0x000000070dd00000, 0x000000070dd00000, 0x000000070de00000|  0%| F|  |TAMS 0x000000070dd00000, 0x000000070dd00000| Untracked 
| 148|0x000000070de00000, 0x000000070de00000, 0x000000070df00000|  0%| F|  |TAMS 0x000000070de00000, 0x000000070de00000| Untracked 
| 149|0x000000070df00000, 0x000000070df00000, 0x000000070e000000|  0%| F|  |TAMS 0x000000070df00000, 0x000000070df00000| Untracked 
| 150|0x000000070e000000, 0x000000070e000000, 0x000000070e100000|  0%| F|  |TAMS 0x000000070e000000, 0x000000070e000000| Untracked 
| 151|0x000000070e100000, 0x000000070e100000, 0x000000070e200000|  0%| F|  |TAMS 0x000000070e100000, 0x000000070e100000| Untracked 
| 152|0x000000070e200000, 0x000000070e200000, 0x000000070e300000|  0%| F|  |TAMS 0x000000070e200000, 0x000000070e200000| Untracked 
| 153|0x000000070e300000, 0x000000070e300000, 0x000000070e400000|  0%| F|  |TAMS 0x000000070e300000, 0x000000070e300000| Untracked 
| 154|0x000000070e400000, 0x000000070e400000, 0x000000070e500000|  0%| F|  |TAMS 0x000000070e400000, 0x000000070e400000| Untracked 
| 155|0x000000070e500000, 0x000000070e500000, 0x000000070e600000|  0%| F|  |TAMS 0x000000070e500000, 0x000000070e500000| Untracked 
| 156|0x000000070e600000, 0x000000070e600000, 0x000000070e700000|  0%| F|  |TAMS 0x000000070e600000, 0x000000070e600000| Untracked 
| 157|0x000000070e700000, 0x000000070e700000, 0x000000070e800000|  0%| F|  |TAMS 0x000000070e700000, 0x000000070e700000| Untracked 
| 158|0x000000070e800000, 0x000000070e800000, 0x000000070e900000|  0%| F|  |TAMS 0x000000070e800000, 0x000000070e800000| Untracked 
| 159|0x000000070e900000, 0x000000070e900000, 0x000000070ea00000|  0%| F|  |TAMS 0x000000070e900000, 0x000000070e900000| Untracked 
| 160|0x000000070ea00000, 0x000000070ea00000, 0x000000070eb00000|  0%| F|  |TAMS 0x000000070ea00000, 0x000000070ea00000| Untracked 
| 161|0x000000070eb00000, 0x000000070eb00000, 0x000000070ec00000|  0%| F|  |TAMS 0x000000070eb00000, 0x000000070eb00000| Untracked 
| 162|0x000000070ec00000, 0x000000070ec00000, 0x000000070ed00000|  0%| F|  |TAMS 0x000000070ec00000, 0x000000070ec00000| Untracked 
| 163|0x000000070ed00000, 0x000000070ed00000, 0x000000070ee00000|  0%| F|  |TAMS 0x000000070ed00000, 0x000000070ed00000| Untracked 
| 164|0x000000070ee00000, 0x000000070ee00000, 0x000000070ef00000|  0%| F|  |TAMS 0x000000070ee00000, 0x000000070ee00000| Untracked 
| 165|0x000000070ef00000, 0x000000070ef00000, 0x000000070f000000|  0%| F|  |TAMS 0x000000070ef00000, 0x000000070ef00000| Untracked 
| 166|0x000000070f000000, 0x000000070f000000, 0x000000070f100000|  0%| F|  |TAMS 0x000000070f000000, 0x000000070f000000| Untracked 
| 167|0x000000070f100000, 0x000000070f100000, 0x000000070f200000|  0%| F|  |TAMS 0x000000070f100000, 0x000000070f100000| Untracked 
| 168|0x000000070f200000, 0x000000070f200000, 0x000000070f300000|  0%| F|  |TAMS 0x000000070f200000, 0x000000070f200000| Untracked 
| 169|0x000000070f300000, 0x000000070f300000, 0x000000070f400000|  0%| F|  |TAMS 0x000000070f300000, 0x000000070f300000| Untracked 
| 170|0x000000070f400000, 0x000000070f400000, 0x000000070f500000|  0%| F|  |TAMS 0x000000070f400000, 0x000000070f400000| Untracked 
| 171|0x000000070f500000, 0x000000070f500000, 0x000000070f600000|  0%| F|  |TAMS 0x000000070f500000, 0x000000070f500000| Untracked 
| 172|0x000000070f600000, 0x000000070f600000, 0x000000070f700000|  0%| F|  |TAMS 0x000000070f600000, 0x000000070f600000| Untracked 
| 173|0x000000070f700000, 0x000000070f700000, 0x000000070f800000|  0%| F|  |TAMS 0x000000070f700000, 0x000000070f700000| Untracked 
| 174|0x000000070f800000, 0x000000070f800000, 0x000000070f900000|  0%| F|  |TAMS 0x000000070f800000, 0x000000070f800000| Untracked 
| 175|0x000000070f900000, 0x000000070f900000, 0x000000070fa00000|  0%| F|  |TAMS 0x000000070f900000, 0x000000070f900000| Untracked 
| 176|0x000000070fa00000, 0x000000070fa00000, 0x000000070fb00000|  0%| F|  |TAMS 0x000000070fa00000, 0x000000070fa00000| Untracked 
| 177|0x000000070fb00000, 0x000000070fb00000, 0x000000070fc00000|  0%| F|  |TAMS 0x000000070fb00000, 0x000000070fb00000| Untracked 
| 178|0x000000070fc00000, 0x000000070fc00000, 0x000000070fd00000|  0%| F|  |TAMS 0x000000070fc00000, 0x000000070fc00000| Untracked 
| 179|0x000000070fd00000, 0x000000070fd00000, 0x000000070fe00000|  0%| F|  |TAMS 0x000000070fd00000, 0x000000070fd00000| Untracked 
| 180|0x000000070fe00000, 0x000000070fe00000, 0x000000070ff00000|  0%| F|  |TAMS 0x000000070fe00000, 0x000000070fe00000| Untracked 
| 181|0x000000070ff00000, 0x000000070ff00000, 0x0000000710000000|  0%| F|  |TAMS 0x000000070ff00000, 0x000000070ff00000| Untracked 
| 182|0x0000000710000000, 0x0000000710000000, 0x0000000710100000|  0%| F|  |TAMS 0x0000000710000000, 0x0000000710000000| Untracked 
| 183|0x0000000710100000, 0x0000000710100000, 0x0000000710200000|  0%| F|  |TAMS 0x0000000710100000, 0x0000000710100000| Untracked 
| 184|0x0000000710200000, 0x0000000710200000, 0x0000000710300000|  0%| F|  |TAMS 0x0000000710200000, 0x0000000710200000| Untracked 
| 185|0x0000000710300000, 0x0000000710300000, 0x0000000710400000|  0%| F|  |TAMS 0x0000000710300000, 0x0000000710300000| Untracked 
| 186|0x0000000710400000, 0x0000000710400000, 0x0000000710500000|  0%| F|  |TAMS 0x0000000710400000, 0x0000000710400000| Untracked 
| 187|0x0000000710500000, 0x0000000710500000, 0x0000000710600000|  0%| F|  |TAMS 0x0000000710500000, 0x0000000710500000| Untracked 
| 188|0x0000000710600000, 0x0000000710600000, 0x0000000710700000|  0%| F|  |TAMS 0x0000000710600000, 0x0000000710600000| Untracked 
| 189|0x0000000710700000, 0x0000000710700000, 0x0000000710800000|  0%| F|  |TAMS 0x0000000710700000, 0x0000000710700000| Untracked 
| 190|0x0000000710800000, 0x0000000710800000, 0x0000000710900000|  0%| F|  |TAMS 0x0000000710800000, 0x0000000710800000| Untracked 
| 191|0x0000000710900000, 0x0000000710900000, 0x0000000710a00000|  0%| F|  |TAMS 0x0000000710900000, 0x0000000710900000| Untracked 
| 192|0x0000000710a00000, 0x0000000710a00000, 0x0000000710b00000|  0%| F|  |TAMS 0x0000000710a00000, 0x0000000710a00000| Untracked 
| 193|0x0000000710b00000, 0x0000000710b00000, 0x0000000710c00000|  0%| F|  |TAMS 0x0000000710b00000, 0x0000000710b00000| Untracked 
| 194|0x0000000710c00000, 0x0000000710c00000, 0x0000000710d00000|  0%| F|  |TAMS 0x0000000710c00000, 0x0000000710c00000| Untracked 
| 195|0x0000000710d00000, 0x0000000710d00000, 0x0000000710e00000|  0%| F|  |TAMS 0x0000000710d00000, 0x0000000710d00000| Untracked 
| 196|0x0000000710e00000, 0x0000000710e00000, 0x0000000710f00000|  0%| F|  |TAMS 0x0000000710e00000, 0x0000000710e00000| Untracked 
| 197|0x0000000710f00000, 0x0000000710f00000, 0x0000000711000000|  0%| F|  |TAMS 0x0000000710f00000, 0x0000000710f00000| Untracked 
| 198|0x0000000711000000, 0x0000000711000000, 0x0000000711100000|  0%| F|  |TAMS 0x0000000711000000, 0x0000000711000000| Untracked 
| 199|0x0000000711100000, 0x0000000711100000, 0x0000000711200000|  0%| F|  |TAMS 0x0000000711100000, 0x0000000711100000| Untracked 
| 200|0x0000000711200000, 0x0000000711200000, 0x0000000711300000|  0%| F|  |TAMS 0x0000000711200000, 0x0000000711200000| Untracked 
| 201|0x0000000711300000, 0x0000000711300000, 0x0000000711400000|  0%| F|  |TAMS 0x0000000711300000, 0x0000000711300000| Untracked 
| 202|0x0000000711400000, 0x0000000711400000, 0x0000000711500000|  0%| F|  |TAMS 0x0000000711400000, 0x0000000711400000| Untracked 
| 203|0x0000000711500000, 0x0000000711500000, 0x0000000711600000|  0%| F|  |TAMS 0x0000000711500000, 0x0000000711500000| Untracked 
| 204|0x0000000711600000, 0x0000000711600000, 0x0000000711700000|  0%| F|  |TAMS 0x0000000711600000, 0x0000000711600000| Untracked 
| 205|0x0000000711700000, 0x0000000711700000, 0x0000000711800000|  0%| F|  |TAMS 0x0000000711700000, 0x0000000711700000| Untracked 
| 206|0x0000000711800000, 0x0000000711800000, 0x0000000711900000|  0%| F|  |TAMS 0x0000000711800000, 0x0000000711800000| Untracked 
| 207|0x0000000711900000, 0x0000000711900000, 0x0000000711a00000|  0%| F|  |TAMS 0x0000000711900000, 0x0000000711900000| Untracked 
| 208|0x0000000711a00000, 0x0000000711a00000, 0x0000000711b00000|  0%| F|  |TAMS 0x0000000711a00000, 0x0000000711a00000| Untracked 
| 209|0x0000000711b00000, 0x0000000711b00000, 0x0000000711c00000|  0%| F|  |TAMS 0x0000000711b00000, 0x0000000711b00000| Untracked 
| 210|0x0000000711c00000, 0x0000000711c00000, 0x0000000711d00000|  0%| F|  |TAMS 0x0000000711c00000, 0x0000000711c00000| Untracked 
| 211|0x0000000711d00000, 0x0000000711d00000, 0x0000000711e00000|  0%| F|  |TAMS 0x0000000711d00000, 0x0000000711d00000| Untracked 
| 212|0x0000000711e00000, 0x0000000711e00000, 0x0000000711f00000|  0%| F|  |TAMS 0x0000000711e00000, 0x0000000711e00000| Untracked 
| 213|0x0000000711f00000, 0x0000000711f00000, 0x0000000712000000|  0%| F|  |TAMS 0x0000000711f00000, 0x0000000711f00000| Untracked 
| 214|0x0000000712000000, 0x0000000712000000, 0x0000000712100000|  0%| F|  |TAMS 0x0000000712000000, 0x0000000712000000| Untracked 
| 215|0x0000000712100000, 0x0000000712100000, 0x0000000712200000|  0%| F|  |TAMS 0x0000000712100000, 0x0000000712100000| Untracked 
| 216|0x0000000712200000, 0x0000000712200000, 0x0000000712300000|  0%| F|  |TAMS 0x0000000712200000, 0x0000000712200000| Untracked 
| 217|0x0000000712300000, 0x0000000712300000, 0x0000000712400000|  0%| F|  |TAMS 0x0000000712300000, 0x0000000712300000| Untracked 
| 218|0x0000000712400000, 0x0000000712400000, 0x0000000712500000|  0%| F|  |TAMS 0x0000000712400000, 0x0000000712400000| Untracked 
| 219|0x0000000712500000, 0x0000000712500000, 0x0000000712600000|  0%| F|  |TAMS 0x0000000712500000, 0x0000000712500000| Untracked 
| 220|0x0000000712600000, 0x0000000712600000, 0x0000000712700000|  0%| F|  |TAMS 0x0000000712600000, 0x0000000712600000| Untracked 
| 221|0x0000000712700000, 0x0000000712700000, 0x0000000712800000|  0%| F|  |TAMS 0x0000000712700000, 0x0000000712700000| Untracked 
| 222|0x0000000712800000, 0x0000000712800000, 0x0000000712900000|  0%| F|  |TAMS 0x0000000712800000, 0x0000000712800000| Untracked 
| 223|0x0000000712900000, 0x0000000712900000, 0x0000000712a00000|  0%| F|  |TAMS 0x0000000712900000, 0x0000000712900000| Untracked 
| 224|0x0000000712a00000, 0x0000000712a00000, 0x0000000712b00000|  0%| F|  |TAMS 0x0000000712a00000, 0x0000000712a00000| Untracked 
| 225|0x0000000712b00000, 0x0000000712c00000, 0x0000000712c00000|100%| S|CS|TAMS 0x0000000712b00000, 0x0000000712b00000| Complete 
| 226|0x0000000712c00000, 0x0000000712d00000, 0x0000000712d00000|100%| S|CS|TAMS 0x0000000712c00000, 0x0000000712c00000| Complete 
| 227|0x0000000712d00000, 0x0000000712e00000, 0x0000000712e00000|100%| S|CS|TAMS 0x0000000712d00000, 0x0000000712d00000| Complete 
| 228|0x0000000712e00000, 0x0000000712e00000, 0x0000000712f00000|  0%| F|  |TAMS 0x0000000712e00000, 0x0000000712e00000| Untracked 
| 229|0x0000000712f00000, 0x0000000712f00000, 0x0000000713000000|  0%| F|  |TAMS 0x0000000712f00000, 0x0000000712f00000| Untracked 
| 230|0x0000000713000000, 0x0000000713000000, 0x0000000713100000|  0%| F|  |TAMS 0x0000000713000000, 0x0000000713000000| Untracked 
| 231|0x0000000713100000, 0x0000000713100000, 0x0000000713200000|  0%| F|  |TAMS 0x0000000713100000, 0x0000000713100000| Untracked 
| 232|0x0000000713200000, 0x0000000713200000, 0x0000000713300000|  0%| F|  |TAMS 0x0000000713200000, 0x0000000713200000| Untracked 
| 233|0x0000000713300000, 0x0000000713300000, 0x0000000713400000|  0%| F|  |TAMS 0x0000000713300000, 0x0000000713300000| Untracked 
| 234|0x0000000713400000, 0x0000000713400000, 0x0000000713500000|  0%| F|  |TAMS 0x0000000713400000, 0x0000000713400000| Untracked 
| 235|0x0000000713500000, 0x0000000713500000, 0x0000000713600000|  0%| F|  |TAMS 0x0000000713500000, 0x0000000713500000| Untracked 
| 236|0x0000000713600000, 0x0000000713600000, 0x0000000713700000|  0%| F|  |TAMS 0x0000000713600000, 0x0000000713600000| Untracked 
| 237|0x0000000713700000, 0x0000000713700000, 0x0000000713800000|  0%| F|  |TAMS 0x0000000713700000, 0x0000000713700000| Untracked 
| 238|0x0000000713800000, 0x0000000713800000, 0x0000000713900000|  0%| F|  |TAMS 0x0000000713800000, 0x0000000713800000| Untracked 
| 239|0x0000000713900000, 0x0000000713900000, 0x0000000713a00000|  0%| F|  |TAMS 0x0000000713900000, 0x0000000713900000| Untracked 
| 240|0x0000000713a00000, 0x0000000713a00000, 0x0000000713b00000|  0%| F|  |TAMS 0x0000000713a00000, 0x0000000713a00000| Untracked 
| 241|0x0000000713b00000, 0x0000000713b00000, 0x0000000713c00000|  0%| F|  |TAMS 0x0000000713b00000, 0x0000000713b00000| Untracked 
| 242|0x0000000713c00000, 0x0000000713c00000, 0x0000000713d00000|  0%| F|  |TAMS 0x0000000713c00000, 0x0000000713c00000| Untracked 
| 243|0x0000000713d00000, 0x0000000713d00000, 0x0000000713e00000|  0%| F|  |TAMS 0x0000000713d00000, 0x0000000713d00000| Untracked 
| 244|0x0000000713e00000, 0x0000000713e00000, 0x0000000713f00000|  0%| F|  |TAMS 0x0000000713e00000, 0x0000000713e00000| Untracked 
| 245|0x0000000713f00000, 0x0000000713f00000, 0x0000000714000000|  0%| F|  |TAMS 0x0000000713f00000, 0x0000000713f00000| Untracked 
| 246|0x0000000714000000, 0x0000000714000000, 0x0000000714100000|  0%| F|  |TAMS 0x0000000714000000, 0x0000000714000000| Untracked 
| 247|0x0000000714100000, 0x0000000714200000, 0x0000000714200000|100%| E|  |TAMS 0x0000000714100000, 0x0000000714100000| Complete 
| 248|0x0000000714200000, 0x0000000714300000, 0x0000000714300000|100%| E|CS|TAMS 0x0000000714200000, 0x0000000714200000| Complete 
| 249|0x0000000714300000, 0x0000000714400000, 0x0000000714400000|100%| E|CS|TAMS 0x0000000714300000, 0x0000000714300000| Complete 
| 250|0x0000000714400000, 0x0000000714500000, 0x0000000714500000|100%| E|CS|TAMS 0x0000000714400000, 0x0000000714400000| Complete 
| 251|0x0000000714500000, 0x0000000714600000, 0x0000000714600000|100%| E|CS|TAMS 0x0000000714500000, 0x0000000714500000| Complete 

Card table byte_map: [0x00000218c9a30000,0x00000218ca210000] _byte_map_base: 0x00000218c620b000

Marking Bits (Prev, Next): (CMBitMap*) 0x00000218b1a648d8, (CMBitMap*) 0x00000218b1a64910
 Prev Bits: [0x00000218ca9f0000, 0x00000218ce8c8000)
 Next Bits: [0x00000218ce8d0000, 0x00000218d27a8000)

Polling page: 0x00000218b1120000

Metaspace:

Usage:
  Non-class:     11.14 MB capacity,    10.93 MB ( 98%) used,   186.60 KB (  2%) free+waste,    29.88 KB ( <1%) overhead. 
      Class:      1.40 MB capacity,     1.28 MB ( 91%) used,   112.30 KB (  8%) free+waste,    14.81 KB (  1%) overhead. 
       Both:     12.54 MB capacity,    12.21 MB ( 97%) used,   298.91 KB (  2%) free+waste,    44.69 KB ( <1%) overhead. 

Virtual space:
  Non-class space:       12.00 MB reserved,      11.25 MB ( 94%) committed 
      Class space:        1.00 GB reserved,       1.50 MB ( <1%) committed 
             Both:        1.01 GB reserved,      12.75 MB (  1%) committed 

Chunk freelists:
   Non-Class:  5.75 KB
       Class:  640 bytes
        Both:  6.38 KB

CodeHeap 'non-profiled nmethods': size=238336Kb used=1605Kb max_used=1605Kb free=236730Kb
 bounds [0x00000218ba440000, 0x00000218ba6b0000, 0x00000218c8d00000]
CodeHeap 'non-nmethods': size=7424Kb used=1667Kb max_used=1667Kb free=5756Kb
 bounds [0x00000218b9d00000, 0x00000218b9f70000, 0x00000218ba440000]
 total_blobs=1549 nmethods=1131 adapters=328
 compilation: enabled
              stopped_count=0, restarted_count=0
 full_count=0

Compilation events (10 events):
Event: 0.480 Thread 0x00000218d60a4800 nmethod 1127 0x00000218ba5cd190 code [0x00000218ba5cd340, 0x00000218ba5cd458]
Event: 0.480 Thread 0x00000218d60a4800 1128       1       java.lang.ThreadLocal::get (38 bytes)
Event: 0.480 Thread 0x00000218d60a4800 nmethod 1128 0x00000218ba5cd510 code [0x00000218ba5cd6e0, 0x00000218ba5cd8b0]
Event: 0.480 Thread 0x00000218d60a4800 1129       1       java.util.jar.Attributes$Name::hash (148 bytes)
Event: 0.480 Thread 0x00000218d60a4800 nmethod 1129 0x00000218ba5cda10 code [0x00000218ba5cdc20, 0x00000218ba5ce1f0]
Event: 0.480 Thread 0x00000218d60a4800 1130       1       java.util.jar.JarFile::getVersionedEntry (85 bytes)
Event: 0.480 Thread 0x00000218d5e7c000 nmethod 1125 0x00000218ba5ce590 code [0x00000218ba5ce900, 0x00000218ba5cf6b0]
Event: 0.480 Thread 0x00000218d60a4800 nmethod 1130 0x00000218ba5d0690 code [0x00000218ba5d08e0, 0x00000218ba5d0f50]
Event: 0.483 Thread 0x00000218d5e7c000 1131       1       jdk.internal.misc.SharedSecrets::javaUtilJarAccess (18 bytes)
Event: 0.483 Thread 0x00000218d5e7c000 nmethod 1131 0x00000218ba5d1290 code [0x00000218ba5d1440, 0x00000218ba5d1590]

GC Heap History (2 events):
Event: 0.264 GC heap before
{Heap before GC invocations=0 (full 0):
 garbage-first heap   total 258048K, used 26624K [0x0000000704a00000, 0x0000000800000000)
  region size 1024K, 24 young (24576K), 0 survivors (0K)
 Metaspace       used 9026K, capacity 9234K, committed 9472K, reserved 1058816K
  class space    used 919K, capacity 996K, committed 1024K, reserved 1048576K
}
Event: 0.268 GC heap after
{Heap after GC invocations=1 (full 0):
 garbage-first heap   total 258048K, used 15597K [0x0000000704a00000, 0x0000000800000000)
  region size 1024K, 3 young (3072K), 3 survivors (3072K)
 Metaspace       used 9026K, capacity 9234K, committed 9472K, reserved 1058816K
  class space    used 919K, capacity 996K, committed 1024K, reserved 1048576K
}

Deoptimization events (0 events):
No events

Classes redefined (0 events):
No events

Internal exceptions (10 events):
Event: 0.239 Thread 0x00000218b1a00000 Exception <a 'java/lang/NoSuchMethodError'{0x0000000712f85460}: java.lang.invoke.DirectMethodHandle$Holder.invokeStatic(Ljava/lang/Object;Ljava/lang/Object;Ljava/lang/Object;Ljava/lang/Object;Ljava/lang/Object;Ljava/lang/Object;Ljava/lang/Object;Ljava/lan
Event: 0.284 Thread 0x00000218b1a00000 Exception <a 'java/lang/NoSuchMethodError'{0x00000007145c5bd8}: java.lang.invoke.DirectMethodHandle$Holder.invokeSpecialIFC(Ljava/lang/Object;Ljava/lang/Object;Ljava/lang/Object;)I> (0x00000007145c5bd8) thrown at [t:/workspace/open/src/hotspot/share/inter
Event: 0.292 Thread 0x00000218b1a00000 Exception <a 'java/lang/NoSuchMethodError'{0x000000071442c030}: java.lang.invoke.DirectMethodHandle$Holder.invokeStatic(Ljava/lang/Object;IIII)Ljava/lang/Object;> (0x000000071442c030) thrown at [t:/workspace/open/src/hotspot/share/interpreter/linkResolver
Event: 0.293 Thread 0x00000218b1a00000 Exception <a 'java/lang/NoSuchMethodError'{0x000000071442f148}: java.lang.invoke.DirectMethodHandle$Holder.invokeStaticInit(Ljava/lang/Object;IIII)Ljava/lang/Object;> (0x000000071442f148) thrown at [t:/workspace/open/src/hotspot/share/interpreter/linkReso
Event: 0.439 Thread 0x00000218b1a00000 Exception <a 'java/lang/NoSuchMethodError'{0x000000071446e120}: java.lang.invoke.DirectMethodHandle$Holder.invokeStatic(Ljava/lang/Object;Ljava/lang/Object;IIII)Ljava/lang/Object;> (0x000000071446e120) thrown at [t:/workspace/open/src/hotspot/share/interp
Event: 0.440 Thread 0x00000218b1a00000 Exception <a 'java/lang/NoSuchMethodError'{0x0000000714471468}: java.lang.invoke.DirectMethodHandle$Holder.invokeStaticInit(Ljava/lang/Object;Ljava/lang/Object;IIII)Ljava/lang/Object;> (0x0000000714471468) thrown at [t:/workspace/open/src/hotspot/share/in
Event: 0.444 Thread 0x00000218b1a00000 Exception <a 'java/lang/ClassNotFoundException'{0x000000071448ec80}: javax/management/remote/rmi/RMIServerImpl_Skel> (0x000000071448ec80) thrown at [t:/workspace/open/src/hotspot/share/classfile/systemDictionary.cpp, line 231]
Event: 0.461 Thread 0x00000218b1a00000 Exception <a 'java/lang/ClassNotFoundException'{0x0000000714338bd0}: jdk/internal/agent/resources/spi/agentProvider> (0x0000000714338bd0) thrown at [t:/workspace/open/src/hotspot/share/classfile/systemDictionary.cpp, line 231]
Event: 0.465 Thread 0x00000218b1a00000 Exception <a 'java/lang/NoSuchMethodError'{0x000000071438ebd8}: java.lang.invoke.DirectMethodHandle$Holder.invokeStatic(Ljava/lang/Object;Ljava/lang/Object;Ljava/lang/Object;Ljava/lang/Object;Ljava/lang/Object;Ljava/lang/Object;Ljava/lang/Object;Ljava/lan
Event: 0.465 Thread 0x00000218b1a00000 Exception <a 'java/lang/NoSuchMethodError'{0x000000071439b598}: java.lang.invoke.DirectMethodHandle$Holder.invokeStatic(Ljava/lang/Object;Ljava/lang/Object;Ljava/lang/Object;Ljava/lang/Object;Ljava/lang/Object;Ljava/lang/Object;Ljava/lang/Object;Ljava/lan

Events (10 events):
Event: 0.483 loading class org/apache/logging/log4j/LogManager
Event: 0.483 loading class org/apache/logging/log4j/LogManager done
Event: 0.483 loading class org/apache/logging/log4j/status/StatusLogger
Event: 0.483 loading class org/apache/logging/log4j/status/StatusLogger done
Event: 0.484 loading class org/apache/logging/log4j/spi/AbstractLogger
Event: 0.484 loading class org/apache/logging/log4j/spi/AbstractLogger done
Event: 0.484 loading class org/apache/logging/log4j/spi/LocationAwareLogger
Event: 0.484 loading class org/apache/logging/log4j/spi/LocationAwareLogger done
Event: 0.486 loading class org/apache/logging/log4j/MarkerManager
Event: 0.486 loading class org/apache/logging/log4j/MarkerManager done


Dynamic libraries:
0x00007ff6f9a30000 - 0x00007ff6f9a75000 	C:\hiway4_toolkit\jdk-11.0.2\bin\javaw.exe
0x00007ffc1a550000 - 0x00007ffc1a767000 	C:\Windows\SYSTEM32\ntdll.dll
0x00007ffc19270000 - 0x00007ffc19334000 	C:\Windows\System32\KERNEL32.DLL
0x00007ffc17b00000 - 0x00007ffc17eba000 	C:\Windows\System32\KERNELBASE.dll
0x00007ffc19970000 - 0x00007ffc19b1e000 	C:\Windows\System32\USER32.dll
0x00007ffc17890000 - 0x00007ffc178b6000 	C:\Windows\System32\win32u.dll
0x00007ffc18f90000 - 0x00007ffc18fb9000 	C:\Windows\System32\GDI32.dll
0x00007ffc18060000 - 0x00007ffc1817b000 	C:\Windows\System32\gdi32full.dll
0x00007ffc178c0000 - 0x00007ffc1795a000 	C:\Windows\System32\msvcp_win.dll
0x00007ffc17ec0000 - 0x00007ffc17fd1000 	C:\Windows\System32\ucrtbase.dll
0x00007ffbfec90000 - 0x00007ffbfef22000 	C:\Windows\WinSxS\amd64_microsoft.windows.common-controls_6595b64144ccf1df_6.0.22621.4541_none_2710d1c57384c085\COMCTL32.dll
0x00007ffc198b0000 - 0x00007ffc19957000 	C:\Windows\System32\msvcrt.dll
0x00007ffc186c0000 - 0x00007ffc186f1000 	C:\Windows\System32\IMM32.DLL
0x00007ffc0c290000 - 0x00007ffc0c2a6000 	C:\hiway4_toolkit\jdk-11.0.2\bin\vcruntime140.dll
0x00007ffc0b2b0000 - 0x00007ffc0b35a000 	C:\hiway4_toolkit\jdk-11.0.2\bin\msvcp140.dll
0x00007ffbd5340000 - 0x00007ffbd5e63000 	C:\hiway4_toolkit\jdk-11.0.2\bin\server\jvm.dll
0x00007ffc18480000 - 0x00007ffc18532000 	C:\Windows\System32\ADVAPI32.dll
0x00007ffc185a0000 - 0x00007ffc18647000 	C:\Windows\System32\sechost.dll
0x00007ffc17ad0000 - 0x00007ffc17af8000 	C:\Windows\System32\bcrypt.dll
0x00007ffc19b40000 - 0x00007ffc19c54000 	C:\Windows\System32\RPCRT4.dll
0x00007ffc198a0000 - 0x00007ffc198a8000 	C:\Windows\System32\PSAPI.DLL
0x00007ffc0ed60000 - 0x00007ffc0ed94000 	C:\Windows\SYSTEM32\WINMM.dll
0x00007ffc0ff10000 - 0x00007ffc0ff19000 	C:\Windows\SYSTEM32\WSOCK32.dll
0x00007ffc0b960000 - 0x00007ffc0b96a000 	C:\Windows\SYSTEM32\VERSION.dll
0x00007ffc19cf0000 - 0x00007ffc19d61000 	C:\Windows\System32\WS2_32.dll
0x00007ffc16940000 - 0x00007ffc16958000 	C:\Windows\SYSTEM32\kernel.appcore.dll
0x00007ffc0b290000 - 0x00007ffc0b2a1000 	C:\hiway4_toolkit\jdk-11.0.2\bin\verify.dll
0x00007ffc152f0000 - 0x00007ffc15522000 	C:\Windows\SYSTEM32\DBGHELP.DLL
0x00007ffc19340000 - 0x00007ffc196d1000 	C:\Windows\System32\combase.dll
0x00007ffc18240000 - 0x00007ffc18317000 	C:\Windows\System32\OLEAUT32.dll
0x00007ffc0c760000 - 0x00007ffc0c792000 	C:\Windows\SYSTEM32\dbgcore.DLL
0x00007ffc17810000 - 0x00007ffc1788b000 	C:\Windows\System32\bcryptPrimitives.dll
0x00007ffc0b260000 - 0x00007ffc0b288000 	C:\hiway4_toolkit\jdk-11.0.2\bin\java.dll
0x00007ffc0b210000 - 0x00007ffc0b226000 	C:\hiway4_toolkit\jdk-11.0.2\bin\zip.dll
0x00007ffc0fea0000 - 0x00007ffc0feaa000 	C:\hiway4_toolkit\jdk-11.0.2\bin\jimage.dll
0x00007ffc18710000 - 0x00007ffc18f89000 	C:\Windows\System32\SHELL32.dll
0x00007ffc15750000 - 0x00007ffc16059000 	C:\Windows\SYSTEM32\windows.storage.dll
0x00007ffc15610000 - 0x00007ffc1574f000 	C:\Windows\SYSTEM32\wintypes.dll
0x00007ffc18fc0000 - 0x00007ffc190ba000 	C:\Windows\System32\SHCORE.dll
0x00007ffc18540000 - 0x00007ffc1859e000 	C:\Windows\System32\shlwapi.dll
0x00007ffc17740000 - 0x00007ffc1776b000 	C:\Windows\SYSTEM32\profapi.dll
0x00007ffc0a660000 - 0x00007ffc0a679000 	C:\hiway4_toolkit\jdk-11.0.2\bin\net.dll
0x00007ffc01250000 - 0x00007ffc01445000 	C:\Windows\SYSTEM32\urlmon.dll
0x00007ffc107e0000 - 0x00007ffc10916000 	C:\Windows\SYSTEM32\WINHTTP.dll
0x00007ffc00f60000 - 0x00007ffc00f88000 	C:\Windows\SYSTEM32\srvcli.dll
0x00007ffc16300000 - 0x00007ffc1630c000 	C:\Windows\SYSTEM32\netutils.dll
0x00007ffc00f90000 - 0x00007ffc0124f000 	C:\Windows\SYSTEM32\iertutil.dll
0x00007ffc16dc0000 - 0x00007ffc16e29000 	C:\Windows\system32\mswsock.dll
0x00007ffc0a640000 - 0x00007ffc0a653000 	C:\hiway4_toolkit\jdk-11.0.2\bin\nio.dll
0x00007ffc0ee90000 - 0x00007ffc0ee99000 	C:\hiway4_toolkit\jdk-11.0.2\bin\management.dll
0x00007ffc0bac0000 - 0x00007ffc0bacc000 	C:\hiway4_toolkit\jdk-11.0.2\bin\management_ext.dll
0x00007ffbfd700000 - 0x00007ffbfd717000 	C:\Windows\system32\napinsp.dll
0x00007ffbfd540000 - 0x00007ffbfd55b000 	C:\Windows\system32\pnrpnsp.dll
0x00007ffc16360000 - 0x00007ffc16462000 	C:\Windows\SYSTEM32\DNSAPI.dll
0x00007ffc16330000 - 0x00007ffc1635d000 	C:\Windows\SYSTEM32\IPHLPAPI.DLL
0x00007ffc19960000 - 0x00007ffc19969000 	C:\Windows\System32\NSI.dll
0x00007ffbfd520000 - 0x00007ffbfd531000 	C:\Windows\System32\winrnr.dll
0x00007ffc0f030000 - 0x00007ffc0f045000 	C:\Windows\system32\wshbth.dll
0x00007ffbfd4f0000 - 0x00007ffbfd517000 	C:\Windows\system32\nlansp_c.dll
0x00007ffc0ff80000 - 0x00007ffc0ff8a000 	C:\Windows\System32\rasadhlp.dll
0x00007ffc0f090000 - 0x00007ffc0f113000 	C:\Windows\System32\fwpuclnt.dll
0x00007ffc17020000 - 0x00007ffc1703b000 	C:\Windows\SYSTEM32\CRYPTSP.dll
0x00007ffc168a0000 - 0x00007ffc168d5000 	C:\Windows\system32\rsaenh.dll
0x00007ffc16eb0000 - 0x00007ffc16ed8000 	C:\Windows\SYSTEM32\USERENV.dll
0x00007ffc17010000 - 0x00007ffc1701c000 	C:\Windows\SYSTEM32\CRYPTBASE.dll
0x00007ffc10580000 - 0x00007ffc10599000 	C:\Windows\SYSTEM32\dhcpcsvc6.DLL
0x00007ffc10560000 - 0x00007ffc1057f000 	C:\Windows\SYSTEM32\dhcpcsvc.DLL

dbghelp: loaded successfully - version: 4.0.5 - missing functions: none
symbol engine: initialized successfully - sym options: 0x614 - pdb path: .;C:\hiway4_toolkit\jdk-11.0.2\bin;C:\Windows\SYSTEM32;C:\Windows\WinSxS\amd64_microsoft.windows.common-controls_6595b64144ccf1df_6.0.22621.4541_none_2710d1c57384c085;C:\hiway4_toolkit\jdk-11.0.2\bin\server

VM Arguments:
jvm_args: -Dcom.sun.management.jmxremote -Dcom.sun.management.jmxremote.port=50868 -Dcom.sun.management.jmxremote.authenticate=false -Dcom.sun.management.jmxremote.ssl=false -Djava.rmi.server.hostname=localhost -Dspring.application.admin.enabled=true -Xverify:none -XX:TieredStopAtLevel=1 -Dfile.encoding=UTF-8 
java_command: com.SpringBoot.SpringBoot.Application --spring.output.ansi.enabled=always
java_class_path (initial): C:\Git\SpringBootVue\backend\bin\main;C:\Users\iljoo\.gradle\caches\modules-2\files-2.1\commons-dbcp\commons-dbcp\1.4\30be73c965cc990b153a100aaaaafcf239f82d39\commons-dbcp-1.4.jar;C:\Users\iljoo\.gradle\caches\modules-2\files-2.1\net.sf.jasperreports\jasperreports-functions\6.20.4\20082a0ca359efbff63570c910779de22573b846\jasperreports-functions-6.20.4.jar;C:\Users\iljoo\.gradle\caches\modules-2\files-2.1\net.sf.jasperreports\jasperreports\6.20.4\3680efa8cdbe38b8b914bc0844e9da4f59f59588\jasperreports-6.20.4.jar;C:\Users\iljoo\.gradle\caches\modules-2\files-2.1\org.springframework.boot\spring-boot-starter-thymeleaf\2.7.7\5d80dd18f2f1945e3dc568fa30ac106e329a4bde\spring-boot-starter-thymeleaf-2.7.7.jar;C:\Users\iljoo\.gradle\caches\modules-2\files-2.1\com.google.firebase\firebase-admin\9.1.1\ed4c3d54dc08904aed7308a0c9aca5c9a51e9802\firebase-admin-9.1.1.jar;C:\Users\iljoo\.gradle\caches\modules-2\files-2.1\com.google.cloud\google-cloud-storage\2.14.0\80e00faccaa8ada82661edbc06ed17cd1e01d128\google-cloud-storage-2.14.0.jar;C:\Users\iljoo\.gradle\caches\modules-2\files-2.1\com.google.cloud\google-cloud-firestore\3.7.0\3043370c68dac34bd58e419bbbf6267424e3baa2\google-cloud-firestore-3.7.0.jar;C:\Users\iljoo\.gradle\caches\modules-2\files-2.1\com.google.api.grpc\proto-google-cloud-firestore-v1\3.7.0\e3cb227472c14180570dcb3379f21b2c1f8267c7\proto-google-cloud-firestore-v1-3.7.0.jar;C:\Users\iljoo\.gradle\caches\modules-2\files-2.1\com.google.cloud\proto-google-cloud-firestore-bundle-v1\3.7.0\e61a48ab3394826bdd4057b891d3def3ebba8810\proto-google-cloud-firestore-bundle-v1-3.7.0.jar;C:\Users\iljoo\.gradle\caches\modules-2\files-2.1\javax.annotation\javax.annotation-api\1.3.2\934c04d3cfef185a8008e7bf34331b79730a9d43\javax.annotation-api-1.3.2.jar;C:\Users\iljoo\.gradle\caches\modules-2\files-2.1\org.springframework.boot\spring-boot-starter-data-jpa\2.7.7\bc28a10c4fc39f01e9233db84f132eb4b8c53390\spring-boot-starter-data-jpa-2.7.7.jar;C:\Users\iljoo\.gra
Launcher Type: SUN_STANDARD

[Global flags]
     bool BytecodeVerificationLocal                = false                                     {product} {command line}
     bool BytecodeVerificationRemote               = false                                     {product} {command line}
     intx CICompilerCount                          = 4                                         {product} {ergonomic}
     uint ConcGCThreads                            = 3                                         {product} {ergonomic}
     uint G1ConcRefinementThreads                  = 10                                        {product} {ergonomic}
   size_t G1HeapRegionSize                         = 1048576                                   {product} {ergonomic}
    uintx GCDrainStackTargetSize                   = 64                                        {product} {ergonomic}
   size_t InitialHeapSize                          = 264241152                                 {product} {ergonomic}
     bool ManagementServer                         = true                                      {product} {command line}
   size_t MarkStackSize                            = 4194304                                   {product} {ergonomic}
   size_t MaxHeapSize                              = 4217372672                                {product} {ergonomic}
   size_t MaxNewSize                               = 2530213888                                {product} {ergonomic}
   size_t MinHeapDeltaBytes                        = 1048576                                   {product} {ergonomic}
    uintx NonNMethodCodeHeapSize                   = 7549744                                {pd product} {ergonomic}
    uintx NonProfiledCodeHeapSize                  = 244108496                              {pd product} {ergonomic}
    uintx ProfiledCodeHeapSize                     = 0                                      {pd product} {ergonomic}
    uintx ReservedCodeCacheSize                    = 251658240                              {pd product} {ergonomic}
     bool SegmentedCodeCache                       = true                                      {product} {ergonomic}
     intx TieredStopAtLevel                        = 1                                         {product} {command line}
     bool UseCompressedClassPointers               = true                                 {lp64_product} {ergonomic}
     bool UseCompressedOops                        = true                                 {lp64_product} {ergonomic}
     bool UseG1GC                                  = true                                      {product} {ergonomic}
     bool UseLargePagesIndividualAllocation        = false                                  {pd product} {ergonomic}

Logging:
Log output configuration:
 #0: stdout all=warning uptime,level,tags
 #1: stderr all=off uptime,level,tags

Environment Variables:
JAVA_HOME=C:\hiway4_toolkit\jdk-11.0.2
PATH=C:\Windows\system32;C:\Windows;C:\Windows\System32\Wbem;C:\Windows\System32\WindowsPowerShell\v1.0\;C:\Windows\System32\OpenSSH\;C:\Users\iljoo\AppData\Roaming\nvm;C:\nvm4w\nodejs;C:\Program Files\Bandizip\;C:\hiway4_toolkit\jdk-11.0.2\bin;C:\Program Files\Git\cmd;C:\Users\iljoo\AppData\Local\Microsoft\WindowsApps;C:\Users\iljoo\AppData\Local\Programs\Microsoft VS Code\bin;C:\Users\iljoo\AppData\Roaming\nvm;C:\nvm4w\nodejs
USERNAME=iljoo
OS=Windows_NT
PROCESSOR_IDENTIFIER=Intel64 Family 6 Model 154 Stepping 4, GenuineIntel



---------------  S Y S T E M  ---------------

OS: Windows 10 , 64 bit Build 22621 (10.0.22621.4391)

CPU:total 12 (initial active 12) (6 cores per cpu, 2 threads per core) family 6 model 154 stepping 4, cmov, cx8, fxsr, mmx, sse, sse2, sse3, ssse3, sse4.1, sse4.2, popcnt, avx, avx2, aes, clmul, erms, 3dnowpref, lzcnt, ht, tsc, tscinvbit, bmi1, bmi2, adx, sha, fma

Memory: 4k page, system-wide physical 16085M (6601M free)
TotalPageFile size 18517M (AvailPageFile size 6134M)
current process WorkingSet (physical memory assigned to process): 93M, peak: 93M
current process commit charge ("private bytes"): 357M, peak: 357M

vm_info: OpenJDK 64-Bit Server VM (11.0.2+9) for windows-amd64 JRE (11.0.2+9), built on Jan 18 2019 05:23:22 by "mach5one" with MS VC++ 15.5 (VS2017)

END.
